[2022-02-03 18:57:04,217] {taskinstance.py:670} INFO - Dependencies all met for <TaskInstance: twitter_dag.transform_twitter_aluraonline 2022-01-31T09:00:00+00:00 [queued]>
[2022-02-03 18:57:04,225] {taskinstance.py:670} INFO - Dependencies all met for <TaskInstance: twitter_dag.transform_twitter_aluraonline 2022-01-31T09:00:00+00:00 [queued]>
[2022-02-03 18:57:04,226] {taskinstance.py:880} INFO - 
--------------------------------------------------------------------------------
[2022-02-03 18:57:04,226] {taskinstance.py:881} INFO - Starting attempt 1 of 1
[2022-02-03 18:57:04,226] {taskinstance.py:882} INFO - 
--------------------------------------------------------------------------------
[2022-02-03 18:57:04,232] {taskinstance.py:901} INFO - Executing <Task(SparkSubmitOperator): transform_twitter_aluraonline> on 2022-01-31T09:00:00+00:00
[2022-02-03 18:57:04,244] {standard_task_runner.py:54} INFO - Started process 10154 to run task
[2022-02-03 18:57:04,309] {standard_task_runner.py:77} INFO - Running: ['airflow', 'run', 'twitter_dag', 'transform_twitter_aluraonline', '2022-01-31T09:00:00+00:00', '--job_id', '14', '--pool', 'default_pool', '--raw', '-sd', 'DAGS_FOLDER/twitter_dag.py', '--cfg_path', '/tmp/tmpnx8pxawi']
[2022-02-03 18:57:04,310] {standard_task_runner.py:78} INFO - Job 14: Subtask transform_twitter_aluraonline
[2022-02-03 18:57:04,345] {logging_mixin.py:112} INFO - Running <TaskInstance: twitter_dag.transform_twitter_aluraonline 2022-01-31T09:00:00+00:00 [running]> on host SPVALN1-612R9D4.pitagoras.apollo.br
[2022-02-03 18:57:04,399] {base_hook.py:89} INFO - Using connection to: id: spark_default. Host: local, Port: None, Schema: None, Login: None, Password: None, extra: XXXXXXXX
[2022-02-03 18:57:04,400] {spark_submit_hook.py:325} INFO - Spark-Submit cmd: spark-submit --master local --name twitter_transformation /mnt/d/Alura/engenharia-dados-apache-airflow/datapipeline/spark/transformation.py --src /mnt/d/Alura/engenharia-dados-apache-airflow/datapipeline/datalake/bronze/twitter_aluraonline/extract_date=2022-01-31 --dest /mnt/d/Alura/engenharia-dados-apache-airflow/datapipeline/datalake/silver/twitter_aluraonline/ --process-date 2022-01-31
[2022-02-03 18:57:06,663] {spark_submit_hook.py:479} INFO - 22/02/03 18:57:06 WARN Utils: Your hostname, SPVALN1-612R9D4 resolves to a loopback address: 127.0.1.1; using 192.168.15.153 instead (on interface eth0)
[2022-02-03 18:57:06,664] {spark_submit_hook.py:479} INFO - 22/02/03 18:57:06 WARN Utils: Set SPARK_LOCAL_IP if you need to bind to another address
[2022-02-03 18:57:06,679] {spark_submit_hook.py:479} INFO - WARNING: An illegal reflective access operation has occurred
[2022-02-03 18:57:06,679] {spark_submit_hook.py:479} INFO - WARNING: Illegal reflective access by org.apache.spark.unsafe.Platform (file:/mnt/d/Alura/engenharia-dados-apache-airflow/datapipeline/.env/lib/python3.7/site-packages/pyspark/jars/spark-unsafe_2.12-3.2.1.jar) to constructor java.nio.DirectByteBuffer(long,int)
[2022-02-03 18:57:06,679] {spark_submit_hook.py:479} INFO - WARNING: Please consider reporting this to the maintainers of org.apache.spark.unsafe.Platform
[2022-02-03 18:57:06,679] {spark_submit_hook.py:479} INFO - WARNING: Use --illegal-access=warn to enable warnings of further illegal reflective access operations
[2022-02-03 18:57:06,679] {spark_submit_hook.py:479} INFO - WARNING: All illegal access operations will be denied in a future release
[2022-02-03 18:57:08,433] {spark_submit_hook.py:479} INFO - Using Spark's default log4j profile: org/apache/spark/log4j-defaults.properties
[2022-02-03 18:57:08,442] {spark_submit_hook.py:479} INFO - 22/02/03 18:57:08 INFO SparkContext: Running Spark version 3.2.1
[2022-02-03 18:57:08,523] {spark_submit_hook.py:479} INFO - 22/02/03 18:57:08 WARN NativeCodeLoader: Unable to load native-hadoop library for your platform... using builtin-java classes where applicable
[2022-02-03 18:57:08,652] {spark_submit_hook.py:479} INFO - 22/02/03 18:57:08 INFO ResourceUtils: ==============================================================
[2022-02-03 18:57:08,652] {spark_submit_hook.py:479} INFO - 22/02/03 18:57:08 INFO ResourceUtils: No custom resources configured for spark.driver.
[2022-02-03 18:57:08,652] {spark_submit_hook.py:479} INFO - 22/02/03 18:57:08 INFO ResourceUtils: ==============================================================
[2022-02-03 18:57:08,653] {spark_submit_hook.py:479} INFO - 22/02/03 18:57:08 INFO SparkContext: Submitted application: twitter_transformation
[2022-02-03 18:57:08,677] {spark_submit_hook.py:479} INFO - 22/02/03 18:57:08 INFO ResourceProfile: Default ResourceProfile created, executor resources: Map(cores -> name: cores, amount: 1, script: , vendor: , memory -> name: memory, amount: 1024, script: , vendor: , offHeap -> name: offHeap, amount: 0, script: , vendor: ), task resources: Map(cpus -> name: cpus, amount: 1.0)
[2022-02-03 18:57:08,689] {spark_submit_hook.py:479} INFO - 22/02/03 18:57:08 INFO ResourceProfile: Limiting resource is cpu
[2022-02-03 18:57:08,689] {spark_submit_hook.py:479} INFO - 22/02/03 18:57:08 INFO ResourceProfileManager: Added ResourceProfile id: 0
[2022-02-03 18:57:08,748] {spark_submit_hook.py:479} INFO - 22/02/03 18:57:08 INFO SecurityManager: Changing view acls to: felipe
[2022-02-03 18:57:08,749] {spark_submit_hook.py:479} INFO - 22/02/03 18:57:08 INFO SecurityManager: Changing modify acls to: felipe
[2022-02-03 18:57:08,749] {spark_submit_hook.py:479} INFO - 22/02/03 18:57:08 INFO SecurityManager: Changing view acls groups to:
[2022-02-03 18:57:08,750] {spark_submit_hook.py:479} INFO - 22/02/03 18:57:08 INFO SecurityManager: Changing modify acls groups to:
[2022-02-03 18:57:08,750] {spark_submit_hook.py:479} INFO - 22/02/03 18:57:08 INFO SecurityManager: SecurityManager: authentication disabled; ui acls disabled; users  with view permissions: Set(felipe); groups with view permissions: Set(); users  with modify permissions: Set(felipe); groups with modify permissions: Set()
[2022-02-03 18:57:09,002] {spark_submit_hook.py:479} INFO - 22/02/03 18:57:09 INFO Utils: Successfully started service 'sparkDriver' on port 64719.
[2022-02-03 18:57:09,034] {spark_submit_hook.py:479} INFO - 22/02/03 18:57:09 INFO SparkEnv: Registering MapOutputTracker
[2022-02-03 18:57:09,071] {spark_submit_hook.py:479} INFO - 22/02/03 18:57:09 INFO SparkEnv: Registering BlockManagerMaster
[2022-02-03 18:57:09,096] {spark_submit_hook.py:479} INFO - 22/02/03 18:57:09 INFO BlockManagerMasterEndpoint: Using org.apache.spark.storage.DefaultTopologyMapper for getting topology information
[2022-02-03 18:57:09,096] {spark_submit_hook.py:479} INFO - 22/02/03 18:57:09 INFO BlockManagerMasterEndpoint: BlockManagerMasterEndpoint up
[2022-02-03 18:57:09,101] {spark_submit_hook.py:479} INFO - 22/02/03 18:57:09 INFO SparkEnv: Registering BlockManagerMasterHeartbeat
[2022-02-03 18:57:09,127] {spark_submit_hook.py:479} INFO - 22/02/03 18:57:09 INFO DiskBlockManager: Created local directory at /tmp/blockmgr-bcea3e4b-bec7-46ab-a839-7293c2fb5bee
[2022-02-03 18:57:09,151] {spark_submit_hook.py:479} INFO - 22/02/03 18:57:09 INFO MemoryStore: MemoryStore started with capacity 434.4 MiB
[2022-02-03 18:57:09,167] {spark_submit_hook.py:479} INFO - 22/02/03 18:57:09 INFO SparkEnv: Registering OutputCommitCoordinator
[2022-02-03 18:57:09,349] {spark_submit_hook.py:479} INFO - 22/02/03 18:57:09 INFO Utils: Successfully started service 'SparkUI' on port 4040.
[2022-02-03 18:57:09,403] {spark_submit_hook.py:479} INFO - 22/02/03 18:57:09 INFO SparkUI: Bound SparkUI to 0.0.0.0, and started at http://192.168.15.153:4040
[2022-02-03 18:57:09,591] {spark_submit_hook.py:479} INFO - 22/02/03 18:57:09 INFO Executor: Starting executor ID driver on host 192.168.15.153
[2022-02-03 18:57:09,615] {spark_submit_hook.py:479} INFO - 22/02/03 18:57:09 INFO Utils: Successfully started service 'org.apache.spark.network.netty.NettyBlockTransferService' on port 64721.
[2022-02-03 18:57:09,616] {spark_submit_hook.py:479} INFO - 22/02/03 18:57:09 INFO NettyBlockTransferService: Server created on 192.168.15.153:64721
[2022-02-03 18:57:09,617] {spark_submit_hook.py:479} INFO - 22/02/03 18:57:09 INFO BlockManager: Using org.apache.spark.storage.RandomBlockReplicationPolicy for block replication policy
[2022-02-03 18:57:09,625] {spark_submit_hook.py:479} INFO - 22/02/03 18:57:09 INFO BlockManagerMaster: Registering BlockManager BlockManagerId(driver, 192.168.15.153, 64721, None)
[2022-02-03 18:57:09,630] {spark_submit_hook.py:479} INFO - 22/02/03 18:57:09 INFO BlockManagerMasterEndpoint: Registering block manager 192.168.15.153:64721 with 434.4 MiB RAM, BlockManagerId(driver, 192.168.15.153, 64721, None)
[2022-02-03 18:57:09,632] {spark_submit_hook.py:479} INFO - 22/02/03 18:57:09 INFO BlockManagerMaster: Registered BlockManager BlockManagerId(driver, 192.168.15.153, 64721, None)
[2022-02-03 18:57:09,634] {spark_submit_hook.py:479} INFO - 22/02/03 18:57:09 INFO BlockManager: Initialized BlockManager: BlockManagerId(driver, 192.168.15.153, 64721, None)
[2022-02-03 18:57:09,997] {spark_submit_hook.py:479} INFO - 22/02/03 18:57:09 INFO SharedState: Setting hive.metastore.warehouse.dir ('null') to the value of spark.sql.warehouse.dir.
[2022-02-03 18:57:10,014] {spark_submit_hook.py:479} INFO - 22/02/03 18:57:10 INFO SharedState: Warehouse path is 'file:/mnt/d/Alura/engenharia-dados-apache-airflow/datapipeline/spark-warehouse'.
[2022-02-03 18:57:10,768] {spark_submit_hook.py:479} INFO - 22/02/03 18:57:10 INFO InMemoryFileIndex: It took 44 ms to list leaf files for 1 paths.
[2022-02-03 18:57:10,845] {spark_submit_hook.py:479} INFO - 22/02/03 18:57:10 INFO InMemoryFileIndex: It took 3 ms to list leaf files for 1 paths.
[2022-02-03 18:57:12,760] {spark_submit_hook.py:479} INFO - 22/02/03 18:57:12 INFO FileSourceStrategy: Pushed Filters:
[2022-02-03 18:57:12,761] {spark_submit_hook.py:479} INFO - 22/02/03 18:57:12 INFO FileSourceStrategy: Post-Scan Filters:
[2022-02-03 18:57:12,764] {spark_submit_hook.py:479} INFO - 22/02/03 18:57:12 INFO FileSourceStrategy: Output Data Schema: struct<value: string>
[2022-02-03 18:57:12,992] {spark_submit_hook.py:479} INFO - 22/02/03 18:57:12 INFO MemoryStore: Block broadcast_0 stored as values in memory (estimated size 189.9 KiB, free 434.2 MiB)
[2022-02-03 18:57:13,045] {spark_submit_hook.py:479} INFO - 22/02/03 18:57:13 INFO MemoryStore: Block broadcast_0_piece0 stored as bytes in memory (estimated size 32.8 KiB, free 434.2 MiB)
[2022-02-03 18:57:13,048] {spark_submit_hook.py:479} INFO - 22/02/03 18:57:13 INFO BlockManagerInfo: Added broadcast_0_piece0 in memory on 192.168.15.153:64721 (size: 32.8 KiB, free: 434.4 MiB)
[2022-02-03 18:57:13,052] {spark_submit_hook.py:479} INFO - 22/02/03 18:57:13 INFO SparkContext: Created broadcast 0 from json at NativeMethodAccessorImpl.java:0
[2022-02-03 18:57:13,059] {spark_submit_hook.py:479} INFO - 22/02/03 18:57:13 INFO FileSourceScanExec: Planning scan with bin packing, max size: 4220290 bytes, open cost is considered as scanning 4194304 bytes.
[2022-02-03 18:57:13,199] {spark_submit_hook.py:479} INFO - 22/02/03 18:57:13 INFO SparkContext: Starting job: json at NativeMethodAccessorImpl.java:0
[2022-02-03 18:57:13,214] {spark_submit_hook.py:479} INFO - 22/02/03 18:57:13 INFO DAGScheduler: Got job 0 (json at NativeMethodAccessorImpl.java:0) with 1 output partitions
[2022-02-03 18:57:13,215] {spark_submit_hook.py:479} INFO - 22/02/03 18:57:13 INFO DAGScheduler: Final stage: ResultStage 0 (json at NativeMethodAccessorImpl.java:0)
[2022-02-03 18:57:13,215] {spark_submit_hook.py:479} INFO - 22/02/03 18:57:13 INFO DAGScheduler: Parents of final stage: List()
[2022-02-03 18:57:13,216] {spark_submit_hook.py:479} INFO - 22/02/03 18:57:13 INFO DAGScheduler: Missing parents: List()
[2022-02-03 18:57:13,219] {spark_submit_hook.py:479} INFO - 22/02/03 18:57:13 INFO DAGScheduler: Submitting ResultStage 0 (MapPartitionsRDD[3] at json at NativeMethodAccessorImpl.java:0), which has no missing parents
[2022-02-03 18:57:13,293] {spark_submit_hook.py:479} INFO - 22/02/03 18:57:13 INFO MemoryStore: Block broadcast_1 stored as values in memory (estimated size 12.5 KiB, free 434.2 MiB)
[2022-02-03 18:57:13,298] {spark_submit_hook.py:479} INFO - 22/02/03 18:57:13 INFO MemoryStore: Block broadcast_1_piece0 stored as bytes in memory (estimated size 6.6 KiB, free 434.2 MiB)
[2022-02-03 18:57:13,299] {spark_submit_hook.py:479} INFO - 22/02/03 18:57:13 INFO BlockManagerInfo: Added broadcast_1_piece0 in memory on 192.168.15.153:64721 (size: 6.6 KiB, free: 434.4 MiB)
[2022-02-03 18:57:13,300] {spark_submit_hook.py:479} INFO - 22/02/03 18:57:13 INFO SparkContext: Created broadcast 1 from broadcast at DAGScheduler.scala:1478
[2022-02-03 18:57:13,312] {spark_submit_hook.py:479} INFO - 22/02/03 18:57:13 INFO DAGScheduler: Submitting 1 missing tasks from ResultStage 0 (MapPartitionsRDD[3] at json at NativeMethodAccessorImpl.java:0) (first 15 tasks are for partitions Vector(0))
[2022-02-03 18:57:13,313] {spark_submit_hook.py:479} INFO - 22/02/03 18:57:13 INFO TaskSchedulerImpl: Adding task set 0.0 with 1 tasks resource profile 0
[2022-02-03 18:57:13,352] {spark_submit_hook.py:479} INFO - 22/02/03 18:57:13 INFO TaskSetManager: Starting task 0.0 in stage 0.0 (TID 0) (192.168.15.153, executor driver, partition 0, PROCESS_LOCAL, 4975 bytes) taskResourceAssignments Map()
[2022-02-03 18:57:13,364] {spark_submit_hook.py:479} INFO - 22/02/03 18:57:13 INFO Executor: Running task 0.0 in stage 0.0 (TID 0)
[2022-02-03 18:57:13,458] {spark_submit_hook.py:479} INFO - 22/02/03 18:57:13 INFO FileScanRDD: Reading File path: file:///mnt/d/Alura/engenharia-dados-apache-airflow/datapipeline/datalake/bronze/twitter_aluraonline/extract_date=2022-01-31/AluraOnline_20220131.json, range: 0-25986, partition values: [empty row]
[2022-02-03 18:57:13,648] {spark_submit_hook.py:479} INFO - 22/02/03 18:57:13 INFO CodeGenerator: Code generated in 156.5161 ms
[2022-02-03 18:57:13,738] {spark_submit_hook.py:479} INFO - 22/02/03 18:57:13 INFO Executor: Finished task 0.0 in stage 0.0 (TID 0). 2858 bytes result sent to driver
[2022-02-03 18:57:13,762] {spark_submit_hook.py:479} INFO - 22/02/03 18:57:13 INFO TaskSetManager: Finished task 0.0 in stage 0.0 (TID 0) in 416 ms on 192.168.15.153 (executor driver) (1/1)
[2022-02-03 18:57:13,764] {spark_submit_hook.py:479} INFO - 22/02/03 18:57:13 INFO TaskSchedulerImpl: Removed TaskSet 0.0, whose tasks have all completed, from pool
[2022-02-03 18:57:13,772] {spark_submit_hook.py:479} INFO - 22/02/03 18:57:13 INFO DAGScheduler: ResultStage 0 (json at NativeMethodAccessorImpl.java:0) finished in 0.539 s
[2022-02-03 18:57:13,776] {spark_submit_hook.py:479} INFO - 22/02/03 18:57:13 INFO DAGScheduler: Job 0 is finished. Cancelling potential speculative or zombie tasks for this job
[2022-02-03 18:57:13,776] {spark_submit_hook.py:479} INFO - 22/02/03 18:57:13 INFO TaskSchedulerImpl: Killing all running tasks in stage 0: Stage finished
[2022-02-03 18:57:13,779] {spark_submit_hook.py:479} INFO - 22/02/03 18:57:13 INFO DAGScheduler: Job 0 finished: json at NativeMethodAccessorImpl.java:0, took 0.579003 s
[2022-02-03 18:57:14,108] {spark_submit_hook.py:479} INFO - 22/02/03 18:57:14 INFO FileSourceStrategy: Pushed Filters: IsNotNull(data)
[2022-02-03 18:57:14,109] {spark_submit_hook.py:479} INFO - 22/02/03 18:57:14 INFO FileSourceStrategy: Post-Scan Filters: (size(data#7, true) > 0),isnotnull(data#7)
[2022-02-03 18:57:14,109] {spark_submit_hook.py:479} INFO - 22/02/03 18:57:14 INFO FileSourceStrategy: Output Data Schema: struct<data: array<struct<author_id:string,conversation_id:string,created_at:string,id:string,in_reply_to_user_id:string,public_metrics:struct<like_count:bigint,quote_count:bigint,reply_count:bigint,retweet_count:bigint>,text:string>>>
[2022-02-03 18:57:14,188] {spark_submit_hook.py:479} INFO - 22/02/03 18:57:14 INFO FileOutputCommitter: File Output Committer Algorithm version is 1
[2022-02-03 18:57:14,188] {spark_submit_hook.py:479} INFO - 22/02/03 18:57:14 INFO FileOutputCommitter: FileOutputCommitter skip cleanup _temporary folders under output directory:false, ignore cleanup failures: false
[2022-02-03 18:57:14,189] {spark_submit_hook.py:479} INFO - 22/02/03 18:57:14 INFO SQLHadoopMapReduceCommitProtocol: Using output committer class org.apache.hadoop.mapreduce.lib.output.FileOutputCommitter
[2022-02-03 18:57:14,363] {spark_submit_hook.py:479} INFO - 22/02/03 18:57:14 INFO CodeGenerator: Code generated in 93.3837 ms
[2022-02-03 18:57:14,369] {spark_submit_hook.py:479} INFO - 22/02/03 18:57:14 INFO MemoryStore: Block broadcast_2 stored as values in memory (estimated size 189.8 KiB, free 434.0 MiB)
[2022-02-03 18:57:14,379] {spark_submit_hook.py:479} INFO - 22/02/03 18:57:14 INFO MemoryStore: Block broadcast_2_piece0 stored as bytes in memory (estimated size 32.8 KiB, free 433.9 MiB)
[2022-02-03 18:57:14,381] {spark_submit_hook.py:479} INFO - 22/02/03 18:57:14 INFO BlockManagerInfo: Added broadcast_2_piece0 in memory on 192.168.15.153:64721 (size: 32.8 KiB, free: 434.3 MiB)
[2022-02-03 18:57:14,383] {spark_submit_hook.py:479} INFO - 22/02/03 18:57:14 INFO SparkContext: Created broadcast 2 from json at NativeMethodAccessorImpl.java:0
[2022-02-03 18:57:14,386] {spark_submit_hook.py:479} INFO - 22/02/03 18:57:14 INFO FileSourceScanExec: Planning scan with bin packing, max size: 4220290 bytes, open cost is considered as scanning 4194304 bytes.
[2022-02-03 18:57:14,449] {spark_submit_hook.py:479} INFO - 22/02/03 18:57:14 INFO SparkContext: Starting job: json at NativeMethodAccessorImpl.java:0
[2022-02-03 18:57:14,451] {spark_submit_hook.py:479} INFO - 22/02/03 18:57:14 INFO DAGScheduler: Got job 1 (json at NativeMethodAccessorImpl.java:0) with 1 output partitions
[2022-02-03 18:57:14,451] {spark_submit_hook.py:479} INFO - 22/02/03 18:57:14 INFO DAGScheduler: Final stage: ResultStage 1 (json at NativeMethodAccessorImpl.java:0)
[2022-02-03 18:57:14,451] {spark_submit_hook.py:479} INFO - 22/02/03 18:57:14 INFO DAGScheduler: Parents of final stage: List()
[2022-02-03 18:57:14,451] {spark_submit_hook.py:479} INFO - 22/02/03 18:57:14 INFO DAGScheduler: Missing parents: List()
[2022-02-03 18:57:14,453] {spark_submit_hook.py:479} INFO - 22/02/03 18:57:14 INFO DAGScheduler: Submitting ResultStage 1 (CoalescedRDD[7] at json at NativeMethodAccessorImpl.java:0), which has no missing parents
[2022-02-03 18:57:14,481] {spark_submit_hook.py:479} INFO - 22/02/03 18:57:14 INFO MemoryStore: Block broadcast_3 stored as values in memory (estimated size 223.7 KiB, free 433.7 MiB)
[2022-02-03 18:57:14,485] {spark_submit_hook.py:479} INFO - 22/02/03 18:57:14 INFO MemoryStore: Block broadcast_3_piece0 stored as bytes in memory (estimated size 77.5 KiB, free 433.7 MiB)
[2022-02-03 18:57:14,485] {spark_submit_hook.py:479} INFO - 22/02/03 18:57:14 INFO BlockManagerInfo: Added broadcast_3_piece0 in memory on 192.168.15.153:64721 (size: 77.5 KiB, free: 434.3 MiB)
[2022-02-03 18:57:14,486] {spark_submit_hook.py:479} INFO - 22/02/03 18:57:14 INFO SparkContext: Created broadcast 3 from broadcast at DAGScheduler.scala:1478
[2022-02-03 18:57:14,487] {spark_submit_hook.py:479} INFO - 22/02/03 18:57:14 INFO DAGScheduler: Submitting 1 missing tasks from ResultStage 1 (CoalescedRDD[7] at json at NativeMethodAccessorImpl.java:0) (first 15 tasks are for partitions Vector(0))
[2022-02-03 18:57:14,487] {spark_submit_hook.py:479} INFO - 22/02/03 18:57:14 INFO TaskSchedulerImpl: Adding task set 1.0 with 1 tasks resource profile 0
[2022-02-03 18:57:14,490] {spark_submit_hook.py:479} INFO - 22/02/03 18:57:14 INFO TaskSetManager: Starting task 0.0 in stage 1.0 (TID 1) (192.168.15.153, executor driver, partition 0, PROCESS_LOCAL, 5204 bytes) taskResourceAssignments Map()
[2022-02-03 18:57:14,491] {spark_submit_hook.py:479} INFO - 22/02/03 18:57:14 INFO Executor: Running task 0.0 in stage 1.0 (TID 1)
[2022-02-03 18:57:14,555] {spark_submit_hook.py:479} INFO - 22/02/03 18:57:14 INFO FileOutputCommitter: File Output Committer Algorithm version is 1
[2022-02-03 18:57:14,555] {spark_submit_hook.py:479} INFO - 22/02/03 18:57:14 INFO FileOutputCommitter: FileOutputCommitter skip cleanup _temporary folders under output directory:false, ignore cleanup failures: false
[2022-02-03 18:57:14,557] {spark_submit_hook.py:479} INFO - 22/02/03 18:57:14 INFO SQLHadoopMapReduceCommitProtocol: Using output committer class org.apache.hadoop.mapreduce.lib.output.FileOutputCommitter
[2022-02-03 18:57:14,617] {spark_submit_hook.py:479} INFO - 22/02/03 18:57:14 INFO FileScanRDD: Reading File path: file:///mnt/d/Alura/engenharia-dados-apache-airflow/datapipeline/datalake/bronze/twitter_aluraonline/extract_date=2022-01-31/AluraOnline_20220131.json, range: 0-25986, partition values: [empty row]
[2022-02-03 18:57:14,654] {spark_submit_hook.py:479} INFO - 22/02/03 18:57:14 INFO CodeGenerator: Code generated in 31.7586 ms
[2022-02-03 18:57:14,694] {spark_submit_hook.py:479} INFO - 22/02/03 18:57:14 INFO CodeGenerator: Code generated in 8.5157 ms
[2022-02-03 18:57:14,768] {spark_submit_hook.py:479} INFO - 22/02/03 18:57:14 INFO FileOutputCommitter: Saved output of task 'attempt_202202031857148486142832527211243_0001_m_000000_1' to file:/mnt/d/Alura/engenharia-dados-apache-airflow/datapipeline/datalake/silver/twitter_aluraonline/tweet/process_date=2022-01-31/_temporary/0/task_202202031857148486142832527211243_0001_m_000000
[2022-02-03 18:57:14,769] {spark_submit_hook.py:479} INFO - 22/02/03 18:57:14 INFO SparkHadoopMapRedUtil: attempt_202202031857148486142832527211243_0001_m_000000_1: Committed
[2022-02-03 18:57:14,778] {spark_submit_hook.py:479} INFO - 22/02/03 18:57:14 INFO Executor: Finished task 0.0 in stage 1.0 (TID 1). 2670 bytes result sent to driver
[2022-02-03 18:57:14,781] {spark_submit_hook.py:479} INFO - 22/02/03 18:57:14 INFO TaskSetManager: Finished task 0.0 in stage 1.0 (TID 1) in 292 ms on 192.168.15.153 (executor driver) (1/1)
[2022-02-03 18:57:14,781] {spark_submit_hook.py:479} INFO - 22/02/03 18:57:14 INFO TaskSchedulerImpl: Removed TaskSet 1.0, whose tasks have all completed, from pool
[2022-02-03 18:57:14,782] {spark_submit_hook.py:479} INFO - 22/02/03 18:57:14 INFO DAGScheduler: ResultStage 1 (json at NativeMethodAccessorImpl.java:0) finished in 0.327 s
[2022-02-03 18:57:14,782] {spark_submit_hook.py:479} INFO - 22/02/03 18:57:14 INFO DAGScheduler: Job 1 is finished. Cancelling potential speculative or zombie tasks for this job
[2022-02-03 18:57:14,782] {spark_submit_hook.py:479} INFO - 22/02/03 18:57:14 INFO TaskSchedulerImpl: Killing all running tasks in stage 1: Stage finished
[2022-02-03 18:57:14,783] {spark_submit_hook.py:479} INFO - 22/02/03 18:57:14 INFO DAGScheduler: Job 1 finished: json at NativeMethodAccessorImpl.java:0, took 0.334020 s
[2022-02-03 18:57:14,786] {spark_submit_hook.py:479} INFO - 22/02/03 18:57:14 INFO FileFormatWriter: Start to commit write Job 1550e85e-1742-4d04-88f1-f42e7960dfea.
[2022-02-03 18:57:14,829] {spark_submit_hook.py:479} INFO - 22/02/03 18:57:14 INFO FileFormatWriter: Write Job 1550e85e-1742-4d04-88f1-f42e7960dfea committed. Elapsed time: 41 ms.
[2022-02-03 18:57:14,833] {spark_submit_hook.py:479} INFO - 22/02/03 18:57:14 INFO FileFormatWriter: Finished processing stats for write job 1550e85e-1742-4d04-88f1-f42e7960dfea.
[2022-02-03 18:57:14,870] {spark_submit_hook.py:479} INFO - 22/02/03 18:57:14 INFO FileSourceStrategy: Pushed Filters:
[2022-02-03 18:57:14,870] {spark_submit_hook.py:479} INFO - 22/02/03 18:57:14 INFO FileSourceStrategy: Post-Scan Filters:
[2022-02-03 18:57:14,870] {spark_submit_hook.py:479} INFO - 22/02/03 18:57:14 INFO FileSourceStrategy: Output Data Schema: struct<includes: struct<users: array<struct<created_at:string,id:string,name:string,username:string>>>>
[2022-02-03 18:57:14,886] {spark_submit_hook.py:479} INFO - 22/02/03 18:57:14 INFO FileOutputCommitter: File Output Committer Algorithm version is 1
[2022-02-03 18:57:14,887] {spark_submit_hook.py:479} INFO - 22/02/03 18:57:14 INFO FileOutputCommitter: FileOutputCommitter skip cleanup _temporary folders under output directory:false, ignore cleanup failures: false
[2022-02-03 18:57:14,887] {spark_submit_hook.py:479} INFO - 22/02/03 18:57:14 INFO SQLHadoopMapReduceCommitProtocol: Using output committer class org.apache.hadoop.mapreduce.lib.output.FileOutputCommitter
[2022-02-03 18:57:14,951] {spark_submit_hook.py:479} INFO - 22/02/03 18:57:14 INFO CodeGenerator: Code generated in 17.5058 ms
[2022-02-03 18:57:14,959] {spark_submit_hook.py:479} INFO - 22/02/03 18:57:14 INFO MemoryStore: Block broadcast_4 stored as values in memory (estimated size 189.8 KiB, free 433.5 MiB)
[2022-02-03 18:57:14,978] {spark_submit_hook.py:479} INFO - 22/02/03 18:57:14 INFO MemoryStore: Block broadcast_4_piece0 stored as bytes in memory (estimated size 32.8 KiB, free 433.4 MiB)
[2022-02-03 18:57:14,980] {spark_submit_hook.py:479} INFO - 22/02/03 18:57:14 INFO BlockManagerInfo: Added broadcast_4_piece0 in memory on 192.168.15.153:64721 (size: 32.8 KiB, free: 434.2 MiB)
[2022-02-03 18:57:14,981] {spark_submit_hook.py:479} INFO - 22/02/03 18:57:14 INFO SparkContext: Created broadcast 4 from json at NativeMethodAccessorImpl.java:0
[2022-02-03 18:57:14,982] {spark_submit_hook.py:479} INFO - 22/02/03 18:57:14 INFO FileSourceScanExec: Planning scan with bin packing, max size: 4220290 bytes, open cost is considered as scanning 4194304 bytes.
[2022-02-03 18:57:15,014] {spark_submit_hook.py:479} INFO - 22/02/03 18:57:15 INFO SparkContext: Starting job: json at NativeMethodAccessorImpl.java:0
[2022-02-03 18:57:15,015] {spark_submit_hook.py:479} INFO - 22/02/03 18:57:15 INFO DAGScheduler: Got job 2 (json at NativeMethodAccessorImpl.java:0) with 1 output partitions
[2022-02-03 18:57:15,015] {spark_submit_hook.py:479} INFO - 22/02/03 18:57:15 INFO DAGScheduler: Final stage: ResultStage 2 (json at NativeMethodAccessorImpl.java:0)
[2022-02-03 18:57:15,015] {spark_submit_hook.py:479} INFO - 22/02/03 18:57:15 INFO DAGScheduler: Parents of final stage: List()
[2022-02-03 18:57:15,015] {spark_submit_hook.py:479} INFO - 22/02/03 18:57:15 INFO DAGScheduler: Missing parents: List()
[2022-02-03 18:57:15,016] {spark_submit_hook.py:479} INFO - 22/02/03 18:57:15 INFO DAGScheduler: Submitting ResultStage 2 (CoalescedRDD[11] at json at NativeMethodAccessorImpl.java:0), which has no missing parents
[2022-02-03 18:57:15,044] {spark_submit_hook.py:479} INFO - 22/02/03 18:57:15 INFO MemoryStore: Block broadcast_5 stored as values in memory (estimated size 209.1 KiB, free 433.2 MiB)
[2022-02-03 18:57:15,053] {spark_submit_hook.py:479} INFO - 22/02/03 18:57:15 INFO MemoryStore: Block broadcast_5_piece0 stored as bytes in memory (estimated size 75.2 KiB, free 433.2 MiB)
[2022-02-03 18:57:15,055] {spark_submit_hook.py:479} INFO - 22/02/03 18:57:15 INFO BlockManagerInfo: Added broadcast_5_piece0 in memory on 192.168.15.153:64721 (size: 75.2 KiB, free: 434.1 MiB)
[2022-02-03 18:57:15,056] {spark_submit_hook.py:479} INFO - 22/02/03 18:57:15 INFO SparkContext: Created broadcast 5 from broadcast at DAGScheduler.scala:1478
[2022-02-03 18:57:15,057] {spark_submit_hook.py:479} INFO - 22/02/03 18:57:15 INFO DAGScheduler: Submitting 1 missing tasks from ResultStage 2 (CoalescedRDD[11] at json at NativeMethodAccessorImpl.java:0) (first 15 tasks are for partitions Vector(0))
[2022-02-03 18:57:15,057] {spark_submit_hook.py:479} INFO - 22/02/03 18:57:15 INFO TaskSchedulerImpl: Adding task set 2.0 with 1 tasks resource profile 0
[2022-02-03 18:57:15,059] {spark_submit_hook.py:479} INFO - 22/02/03 18:57:15 INFO TaskSetManager: Starting task 0.0 in stage 2.0 (TID 2) (192.168.15.153, executor driver, partition 0, PROCESS_LOCAL, 5204 bytes) taskResourceAssignments Map()
[2022-02-03 18:57:15,060] {spark_submit_hook.py:479} INFO - 22/02/03 18:57:15 INFO Executor: Running task 0.0 in stage 2.0 (TID 2)
[2022-02-03 18:57:15,087] {spark_submit_hook.py:479} INFO - 22/02/03 18:57:15 INFO FileOutputCommitter: File Output Committer Algorithm version is 1
[2022-02-03 18:57:15,087] {spark_submit_hook.py:479} INFO - 22/02/03 18:57:15 INFO FileOutputCommitter: FileOutputCommitter skip cleanup _temporary folders under output directory:false, ignore cleanup failures: false
[2022-02-03 18:57:15,088] {spark_submit_hook.py:479} INFO - 22/02/03 18:57:15 INFO SQLHadoopMapReduceCommitProtocol: Using output committer class org.apache.hadoop.mapreduce.lib.output.FileOutputCommitter
[2022-02-03 18:57:15,141] {spark_submit_hook.py:479} INFO - 22/02/03 18:57:15 INFO FileScanRDD: Reading File path: file:///mnt/d/Alura/engenharia-dados-apache-airflow/datapipeline/datalake/bronze/twitter_aluraonline/extract_date=2022-01-31/AluraOnline_20220131.json, range: 0-25986, partition values: [empty row]
[2022-02-03 18:57:15,163] {spark_submit_hook.py:479} INFO - 22/02/03 18:57:15 INFO CodeGenerator: Code generated in 18.4512 ms
[2022-02-03 18:57:15,218] {spark_submit_hook.py:479} INFO - 22/02/03 18:57:15 INFO FileOutputCommitter: Saved output of task 'attempt_20220203185714792496673771502981_0002_m_000000_2' to file:/mnt/d/Alura/engenharia-dados-apache-airflow/datapipeline/datalake/silver/twitter_aluraonline/user/process_date=2022-01-31/_temporary/0/task_20220203185714792496673771502981_0002_m_000000
[2022-02-03 18:57:15,219] {spark_submit_hook.py:479} INFO - 22/02/03 18:57:15 INFO SparkHadoopMapRedUtil: attempt_20220203185714792496673771502981_0002_m_000000_2: Committed
[2022-02-03 18:57:15,221] {spark_submit_hook.py:479} INFO - 22/02/03 18:57:15 INFO Executor: Finished task 0.0 in stage 2.0 (TID 2). 2571 bytes result sent to driver
[2022-02-03 18:57:15,224] {spark_submit_hook.py:479} INFO - 22/02/03 18:57:15 INFO TaskSetManager: Finished task 0.0 in stage 2.0 (TID 2) in 166 ms on 192.168.15.153 (executor driver) (1/1)
[2022-02-03 18:57:15,225] {spark_submit_hook.py:479} INFO - 22/02/03 18:57:15 INFO TaskSchedulerImpl: Removed TaskSet 2.0, whose tasks have all completed, from pool
[2022-02-03 18:57:15,227] {spark_submit_hook.py:479} INFO - 22/02/03 18:57:15 INFO DAGScheduler: ResultStage 2 (json at NativeMethodAccessorImpl.java:0) finished in 0.209 s
[2022-02-03 18:57:15,227] {spark_submit_hook.py:479} INFO - 22/02/03 18:57:15 INFO DAGScheduler: Job 2 is finished. Cancelling potential speculative or zombie tasks for this job
[2022-02-03 18:57:15,227] {spark_submit_hook.py:479} INFO - 22/02/03 18:57:15 INFO TaskSchedulerImpl: Killing all running tasks in stage 2: Stage finished
[2022-02-03 18:57:15,229] {spark_submit_hook.py:479} INFO - 22/02/03 18:57:15 INFO DAGScheduler: Job 2 finished: json at NativeMethodAccessorImpl.java:0, took 0.213280 s
[2022-02-03 18:57:15,229] {spark_submit_hook.py:479} INFO - 22/02/03 18:57:15 INFO FileFormatWriter: Start to commit write Job 4f631307-c8de-4c46-9a86-81634af3843f.
[2022-02-03 18:57:15,281] {spark_submit_hook.py:479} INFO - 22/02/03 18:57:15 INFO FileFormatWriter: Write Job 4f631307-c8de-4c46-9a86-81634af3843f committed. Elapsed time: 52 ms.
[2022-02-03 18:57:15,282] {spark_submit_hook.py:479} INFO - 22/02/03 18:57:15 INFO FileFormatWriter: Finished processing stats for write job 4f631307-c8de-4c46-9a86-81634af3843f.
[2022-02-03 18:57:15,337] {spark_submit_hook.py:479} INFO - 22/02/03 18:57:15 INFO SparkContext: Invoking stop() from shutdown hook
[2022-02-03 18:57:15,348] {spark_submit_hook.py:479} INFO - 22/02/03 18:57:15 INFO SparkUI: Stopped Spark web UI at http://192.168.15.153:4040
[2022-02-03 18:57:15,361] {spark_submit_hook.py:479} INFO - 22/02/03 18:57:15 INFO MapOutputTrackerMasterEndpoint: MapOutputTrackerMasterEndpoint stopped!
[2022-02-03 18:57:15,383] {spark_submit_hook.py:479} INFO - 22/02/03 18:57:15 INFO MemoryStore: MemoryStore cleared
[2022-02-03 18:57:15,384] {spark_submit_hook.py:479} INFO - 22/02/03 18:57:15 INFO BlockManager: BlockManager stopped
[2022-02-03 18:57:15,391] {spark_submit_hook.py:479} INFO - 22/02/03 18:57:15 INFO BlockManagerMaster: BlockManagerMaster stopped
[2022-02-03 18:57:15,394] {spark_submit_hook.py:479} INFO - 22/02/03 18:57:15 INFO OutputCommitCoordinator$OutputCommitCoordinatorEndpoint: OutputCommitCoordinator stopped!
[2022-02-03 18:57:15,404] {spark_submit_hook.py:479} INFO - 22/02/03 18:57:15 INFO SparkContext: Successfully stopped SparkContext
[2022-02-03 18:57:15,404] {spark_submit_hook.py:479} INFO - 22/02/03 18:57:15 INFO ShutdownHookManager: Shutdown hook called
[2022-02-03 18:57:15,405] {spark_submit_hook.py:479} INFO - 22/02/03 18:57:15 INFO ShutdownHookManager: Deleting directory /tmp/spark-aad40f33-db90-4060-afb7-641d26968056
[2022-02-03 18:57:15,413] {spark_submit_hook.py:479} INFO - 22/02/03 18:57:15 INFO ShutdownHookManager: Deleting directory /tmp/spark-aad40f33-db90-4060-afb7-641d26968056/pyspark-f6ef467d-8cfb-43a0-afca-ef7b10c9be1b
[2022-02-03 18:57:15,421] {spark_submit_hook.py:479} INFO - 22/02/03 18:57:15 INFO ShutdownHookManager: Deleting directory /tmp/spark-1d107429-eb86-40e0-8878-0eb465c4d6bd
[2022-02-03 18:57:15,464] {taskinstance.py:1070} INFO - Marking task as SUCCESS.dag_id=twitter_dag, task_id=transform_twitter_aluraonline, execution_date=20220131T090000, start_date=20220203T215704, end_date=20220203T215715
[2022-02-03 18:57:19,220] {local_task_job.py:102} INFO - Task exited with return code 0
