[2022-02-03 18:54:00,456] {taskinstance.py:670} INFO - Dependencies all met for <TaskInstance: twitter_dag.transform_twitter_aluraonline 2022-01-30T09:00:00+00:00 [queued]>
[2022-02-03 18:54:00,466] {taskinstance.py:670} INFO - Dependencies all met for <TaskInstance: twitter_dag.transform_twitter_aluraonline 2022-01-30T09:00:00+00:00 [queued]>
[2022-02-03 18:54:00,466] {taskinstance.py:880} INFO - 
--------------------------------------------------------------------------------
[2022-02-03 18:54:00,466] {taskinstance.py:881} INFO - Starting attempt 1 of 1
[2022-02-03 18:54:00,466] {taskinstance.py:882} INFO - 
--------------------------------------------------------------------------------
[2022-02-03 18:54:00,473] {taskinstance.py:901} INFO - Executing <Task(SparkSubmitOperator): transform_twitter_aluraonline> on 2022-01-30T09:00:00+00:00
[2022-02-03 18:54:00,484] {standard_task_runner.py:54} INFO - Started process 9836 to run task
[2022-02-03 18:54:00,551] {standard_task_runner.py:77} INFO - Running: ['airflow', 'run', 'twitter_dag', 'transform_twitter_aluraonline', '2022-01-30T09:00:00+00:00', '--job_id', '12', '--pool', 'default_pool', '--raw', '-sd', 'DAGS_FOLDER/twitter_dag.py', '--cfg_path', '/tmp/tmpxfxuapew']
[2022-02-03 18:54:00,552] {standard_task_runner.py:78} INFO - Job 12: Subtask transform_twitter_aluraonline
[2022-02-03 18:54:00,588] {logging_mixin.py:112} INFO - Running <TaskInstance: twitter_dag.transform_twitter_aluraonline 2022-01-30T09:00:00+00:00 [running]> on host SPVALN1-612R9D4.pitagoras.apollo.br
[2022-02-03 18:54:00,641] {base_hook.py:89} INFO - Using connection to: id: spark_default. Host: local, Port: None, Schema: None, Login: None, Password: None, extra: XXXXXXXX
[2022-02-03 18:54:00,642] {spark_submit_hook.py:325} INFO - Spark-Submit cmd: spark-submit --master local --name twitter_transformation /mnt/d/Alura/engenharia-dados-apache-airflow/datapipeline/spark/transformation.py --src /mnt/d/Alura/engenharia-dados-apache-airflow/datapipeline/datalake/bronze/twitter_aluraonline/extract_date=2022-01-30 --dest /mnt/d/Alura/engenharia-dados-apache-airflow/datapipeline/datalake/silver/twitter_aluraonline/ --process-date 2022-01-30
[2022-02-03 18:54:02,879] {spark_submit_hook.py:479} INFO - 22/02/03 18:54:02 WARN Utils: Your hostname, SPVALN1-612R9D4 resolves to a loopback address: 127.0.1.1; using 192.168.15.153 instead (on interface eth0)
[2022-02-03 18:54:02,879] {spark_submit_hook.py:479} INFO - 22/02/03 18:54:02 WARN Utils: Set SPARK_LOCAL_IP if you need to bind to another address
[2022-02-03 18:54:02,906] {spark_submit_hook.py:479} INFO - WARNING: An illegal reflective access operation has occurred
[2022-02-03 18:54:02,906] {spark_submit_hook.py:479} INFO - WARNING: Illegal reflective access by org.apache.spark.unsafe.Platform (file:/mnt/d/Alura/engenharia-dados-apache-airflow/datapipeline/.env/lib/python3.7/site-packages/pyspark/jars/spark-unsafe_2.12-3.2.1.jar) to constructor java.nio.DirectByteBuffer(long,int)
[2022-02-03 18:54:02,906] {spark_submit_hook.py:479} INFO - WARNING: Please consider reporting this to the maintainers of org.apache.spark.unsafe.Platform
[2022-02-03 18:54:02,906] {spark_submit_hook.py:479} INFO - WARNING: Use --illegal-access=warn to enable warnings of further illegal reflective access operations
[2022-02-03 18:54:02,906] {spark_submit_hook.py:479} INFO - WARNING: All illegal access operations will be denied in a future release
[2022-02-03 18:54:04,581] {spark_submit_hook.py:479} INFO - Using Spark's default log4j profile: org/apache/spark/log4j-defaults.properties
[2022-02-03 18:54:04,588] {spark_submit_hook.py:479} INFO - 22/02/03 18:54:04 INFO SparkContext: Running Spark version 3.2.1
[2022-02-03 18:54:04,658] {spark_submit_hook.py:479} INFO - 22/02/03 18:54:04 WARN NativeCodeLoader: Unable to load native-hadoop library for your platform... using builtin-java classes where applicable
[2022-02-03 18:54:04,782] {spark_submit_hook.py:479} INFO - 22/02/03 18:54:04 INFO ResourceUtils: ==============================================================
[2022-02-03 18:54:04,782] {spark_submit_hook.py:479} INFO - 22/02/03 18:54:04 INFO ResourceUtils: No custom resources configured for spark.driver.
[2022-02-03 18:54:04,782] {spark_submit_hook.py:479} INFO - 22/02/03 18:54:04 INFO ResourceUtils: ==============================================================
[2022-02-03 18:54:04,783] {spark_submit_hook.py:479} INFO - 22/02/03 18:54:04 INFO SparkContext: Submitted application: twitter_transformation
[2022-02-03 18:54:04,809] {spark_submit_hook.py:479} INFO - 22/02/03 18:54:04 INFO ResourceProfile: Default ResourceProfile created, executor resources: Map(cores -> name: cores, amount: 1, script: , vendor: , memory -> name: memory, amount: 1024, script: , vendor: , offHeap -> name: offHeap, amount: 0, script: , vendor: ), task resources: Map(cpus -> name: cpus, amount: 1.0)
[2022-02-03 18:54:04,822] {spark_submit_hook.py:479} INFO - 22/02/03 18:54:04 INFO ResourceProfile: Limiting resource is cpu
[2022-02-03 18:54:04,823] {spark_submit_hook.py:479} INFO - 22/02/03 18:54:04 INFO ResourceProfileManager: Added ResourceProfile id: 0
[2022-02-03 18:54:04,887] {spark_submit_hook.py:479} INFO - 22/02/03 18:54:04 INFO SecurityManager: Changing view acls to: felipe
[2022-02-03 18:54:04,888] {spark_submit_hook.py:479} INFO - 22/02/03 18:54:04 INFO SecurityManager: Changing modify acls to: felipe
[2022-02-03 18:54:04,889] {spark_submit_hook.py:479} INFO - 22/02/03 18:54:04 INFO SecurityManager: Changing view acls groups to:
[2022-02-03 18:54:04,889] {spark_submit_hook.py:479} INFO - 22/02/03 18:54:04 INFO SecurityManager: Changing modify acls groups to:
[2022-02-03 18:54:04,890] {spark_submit_hook.py:479} INFO - 22/02/03 18:54:04 INFO SecurityManager: SecurityManager: authentication disabled; ui acls disabled; users  with view permissions: Set(felipe); groups with view permissions: Set(); users  with modify permissions: Set(felipe); groups with modify permissions: Set()
[2022-02-03 18:54:05,143] {spark_submit_hook.py:479} INFO - 22/02/03 18:54:05 INFO Utils: Successfully started service 'sparkDriver' on port 64667.
[2022-02-03 18:54:05,169] {spark_submit_hook.py:479} INFO - 22/02/03 18:54:05 INFO SparkEnv: Registering MapOutputTracker
[2022-02-03 18:54:05,207] {spark_submit_hook.py:479} INFO - 22/02/03 18:54:05 INFO SparkEnv: Registering BlockManagerMaster
[2022-02-03 18:54:05,233] {spark_submit_hook.py:479} INFO - 22/02/03 18:54:05 INFO BlockManagerMasterEndpoint: Using org.apache.spark.storage.DefaultTopologyMapper for getting topology information
[2022-02-03 18:54:05,233] {spark_submit_hook.py:479} INFO - 22/02/03 18:54:05 INFO BlockManagerMasterEndpoint: BlockManagerMasterEndpoint up
[2022-02-03 18:54:05,238] {spark_submit_hook.py:479} INFO - 22/02/03 18:54:05 INFO SparkEnv: Registering BlockManagerMasterHeartbeat
[2022-02-03 18:54:05,262] {spark_submit_hook.py:479} INFO - 22/02/03 18:54:05 INFO DiskBlockManager: Created local directory at /tmp/blockmgr-bad9567e-fcc3-42d9-9d98-bdcf715c6269
[2022-02-03 18:54:05,286] {spark_submit_hook.py:479} INFO - 22/02/03 18:54:05 INFO MemoryStore: MemoryStore started with capacity 434.4 MiB
[2022-02-03 18:54:05,303] {spark_submit_hook.py:479} INFO - 22/02/03 18:54:05 INFO SparkEnv: Registering OutputCommitCoordinator
[2022-02-03 18:54:05,554] {spark_submit_hook.py:479} INFO - 22/02/03 18:54:05 INFO Utils: Successfully started service 'SparkUI' on port 4040.
[2022-02-03 18:54:05,626] {spark_submit_hook.py:479} INFO - 22/02/03 18:54:05 INFO SparkUI: Bound SparkUI to 0.0.0.0, and started at http://192.168.15.153:4040
[2022-02-03 18:54:05,858] {spark_submit_hook.py:479} INFO - 22/02/03 18:54:05 INFO Executor: Starting executor ID driver on host 192.168.15.153
[2022-02-03 18:54:05,889] {spark_submit_hook.py:479} INFO - 22/02/03 18:54:05 INFO Utils: Successfully started service 'org.apache.spark.network.netty.NettyBlockTransferService' on port 64671.
[2022-02-03 18:54:05,889] {spark_submit_hook.py:479} INFO - 22/02/03 18:54:05 INFO NettyBlockTransferService: Server created on 192.168.15.153:64671
[2022-02-03 18:54:05,892] {spark_submit_hook.py:479} INFO - 22/02/03 18:54:05 INFO BlockManager: Using org.apache.spark.storage.RandomBlockReplicationPolicy for block replication policy
[2022-02-03 18:54:05,901] {spark_submit_hook.py:479} INFO - 22/02/03 18:54:05 INFO BlockManagerMaster: Registering BlockManager BlockManagerId(driver, 192.168.15.153, 64671, None)
[2022-02-03 18:54:05,906] {spark_submit_hook.py:479} INFO - 22/02/03 18:54:05 INFO BlockManagerMasterEndpoint: Registering block manager 192.168.15.153:64671 with 434.4 MiB RAM, BlockManagerId(driver, 192.168.15.153, 64671, None)
[2022-02-03 18:54:05,909] {spark_submit_hook.py:479} INFO - 22/02/03 18:54:05 INFO BlockManagerMaster: Registered BlockManager BlockManagerId(driver, 192.168.15.153, 64671, None)
[2022-02-03 18:54:05,910] {spark_submit_hook.py:479} INFO - 22/02/03 18:54:05 INFO BlockManager: Initialized BlockManager: BlockManagerId(driver, 192.168.15.153, 64671, None)
[2022-02-03 18:54:06,324] {spark_submit_hook.py:479} INFO - 22/02/03 18:54:06 INFO SharedState: Setting hive.metastore.warehouse.dir ('null') to the value of spark.sql.warehouse.dir.
[2022-02-03 18:54:06,345] {spark_submit_hook.py:479} INFO - 22/02/03 18:54:06 INFO SharedState: Warehouse path is 'file:/mnt/d/Alura/engenharia-dados-apache-airflow/datapipeline/spark-warehouse'.
[2022-02-03 18:54:07,115] {spark_submit_hook.py:479} INFO - 22/02/03 18:54:07 INFO InMemoryFileIndex: It took 44 ms to list leaf files for 1 paths.
[2022-02-03 18:54:07,204] {spark_submit_hook.py:479} INFO - 22/02/03 18:54:07 INFO InMemoryFileIndex: It took 2 ms to list leaf files for 1 paths.
[2022-02-03 18:54:09,047] {spark_submit_hook.py:479} INFO - 22/02/03 18:54:09 INFO FileSourceStrategy: Pushed Filters:
[2022-02-03 18:54:09,048] {spark_submit_hook.py:479} INFO - 22/02/03 18:54:09 INFO FileSourceStrategy: Post-Scan Filters:
[2022-02-03 18:54:09,050] {spark_submit_hook.py:479} INFO - 22/02/03 18:54:09 INFO FileSourceStrategy: Output Data Schema: struct<value: string>
[2022-02-03 18:54:09,275] {spark_submit_hook.py:479} INFO - 22/02/03 18:54:09 INFO MemoryStore: Block broadcast_0 stored as values in memory (estimated size 189.9 KiB, free 434.2 MiB)
[2022-02-03 18:54:09,336] {spark_submit_hook.py:479} INFO - 22/02/03 18:54:09 INFO MemoryStore: Block broadcast_0_piece0 stored as bytes in memory (estimated size 32.8 KiB, free 434.2 MiB)
[2022-02-03 18:54:09,339] {spark_submit_hook.py:479} INFO - 22/02/03 18:54:09 INFO BlockManagerInfo: Added broadcast_0_piece0 in memory on 192.168.15.153:64671 (size: 32.8 KiB, free: 434.4 MiB)
[2022-02-03 18:54:09,344] {spark_submit_hook.py:479} INFO - 22/02/03 18:54:09 INFO SparkContext: Created broadcast 0 from json at NativeMethodAccessorImpl.java:0
[2022-02-03 18:54:09,351] {spark_submit_hook.py:479} INFO - 22/02/03 18:54:09 INFO FileSourceScanExec: Planning scan with bin packing, max size: 4203050 bytes, open cost is considered as scanning 4194304 bytes.
[2022-02-03 18:54:09,499] {spark_submit_hook.py:479} INFO - 22/02/03 18:54:09 INFO SparkContext: Starting job: json at NativeMethodAccessorImpl.java:0
[2022-02-03 18:54:09,513] {spark_submit_hook.py:479} INFO - 22/02/03 18:54:09 INFO DAGScheduler: Got job 0 (json at NativeMethodAccessorImpl.java:0) with 1 output partitions
[2022-02-03 18:54:09,514] {spark_submit_hook.py:479} INFO - 22/02/03 18:54:09 INFO DAGScheduler: Final stage: ResultStage 0 (json at NativeMethodAccessorImpl.java:0)
[2022-02-03 18:54:09,514] {spark_submit_hook.py:479} INFO - 22/02/03 18:54:09 INFO DAGScheduler: Parents of final stage: List()
[2022-02-03 18:54:09,515] {spark_submit_hook.py:479} INFO - 22/02/03 18:54:09 INFO DAGScheduler: Missing parents: List()
[2022-02-03 18:54:09,518] {spark_submit_hook.py:479} INFO - 22/02/03 18:54:09 INFO DAGScheduler: Submitting ResultStage 0 (MapPartitionsRDD[3] at json at NativeMethodAccessorImpl.java:0), which has no missing parents
[2022-02-03 18:54:09,595] {spark_submit_hook.py:479} INFO - 22/02/03 18:54:09 INFO MemoryStore: Block broadcast_1 stored as values in memory (estimated size 12.5 KiB, free 434.2 MiB)
[2022-02-03 18:54:09,601] {spark_submit_hook.py:479} INFO - 22/02/03 18:54:09 INFO MemoryStore: Block broadcast_1_piece0 stored as bytes in memory (estimated size 6.6 KiB, free 434.2 MiB)
[2022-02-03 18:54:09,601] {spark_submit_hook.py:479} INFO - 22/02/03 18:54:09 INFO BlockManagerInfo: Added broadcast_1_piece0 in memory on 192.168.15.153:64671 (size: 6.6 KiB, free: 434.4 MiB)
[2022-02-03 18:54:09,602] {spark_submit_hook.py:479} INFO - 22/02/03 18:54:09 INFO SparkContext: Created broadcast 1 from broadcast at DAGScheduler.scala:1478
[2022-02-03 18:54:09,614] {spark_submit_hook.py:479} INFO - 22/02/03 18:54:09 INFO DAGScheduler: Submitting 1 missing tasks from ResultStage 0 (MapPartitionsRDD[3] at json at NativeMethodAccessorImpl.java:0) (first 15 tasks are for partitions Vector(0))
[2022-02-03 18:54:09,615] {spark_submit_hook.py:479} INFO - 22/02/03 18:54:09 INFO TaskSchedulerImpl: Adding task set 0.0 with 1 tasks resource profile 0
[2022-02-03 18:54:09,651] {spark_submit_hook.py:479} INFO - 22/02/03 18:54:09 INFO TaskSetManager: Starting task 0.0 in stage 0.0 (TID 0) (192.168.15.153, executor driver, partition 0, PROCESS_LOCAL, 4975 bytes) taskResourceAssignments Map()
[2022-02-03 18:54:09,664] {spark_submit_hook.py:479} INFO - 22/02/03 18:54:09 INFO Executor: Running task 0.0 in stage 0.0 (TID 0)
[2022-02-03 18:54:09,761] {spark_submit_hook.py:479} INFO - 22/02/03 18:54:09 INFO FileScanRDD: Reading File path: file:///mnt/d/Alura/engenharia-dados-apache-airflow/datapipeline/datalake/bronze/twitter_aluraonline/extract_date=2022-01-30/AluraOnline_20220130.json, range: 0-8746, partition values: [empty row]
[2022-02-03 18:54:09,973] {spark_submit_hook.py:479} INFO - 22/02/03 18:54:09 INFO CodeGenerator: Code generated in 173.5836 ms
[2022-02-03 18:54:10,055] {spark_submit_hook.py:479} INFO - 22/02/03 18:54:10 INFO Executor: Finished task 0.0 in stage 0.0 (TID 0). 2858 bytes result sent to driver
[2022-02-03 18:54:10,078] {spark_submit_hook.py:479} INFO - 22/02/03 18:54:10 INFO TaskSetManager: Finished task 0.0 in stage 0.0 (TID 0) in 434 ms on 192.168.15.153 (executor driver) (1/1)
[2022-02-03 18:54:10,082] {spark_submit_hook.py:479} INFO - 22/02/03 18:54:10 INFO TaskSchedulerImpl: Removed TaskSet 0.0, whose tasks have all completed, from pool
[2022-02-03 18:54:10,089] {spark_submit_hook.py:479} INFO - 22/02/03 18:54:10 INFO DAGScheduler: ResultStage 0 (json at NativeMethodAccessorImpl.java:0) finished in 0.554 s
[2022-02-03 18:54:10,093] {spark_submit_hook.py:479} INFO - 22/02/03 18:54:10 INFO DAGScheduler: Job 0 is finished. Cancelling potential speculative or zombie tasks for this job
[2022-02-03 18:54:10,093] {spark_submit_hook.py:479} INFO - 22/02/03 18:54:10 INFO TaskSchedulerImpl: Killing all running tasks in stage 0: Stage finished
[2022-02-03 18:54:10,097] {spark_submit_hook.py:479} INFO - 22/02/03 18:54:10 INFO DAGScheduler: Job 0 finished: json at NativeMethodAccessorImpl.java:0, took 0.596932 s
[2022-02-03 18:54:10,440] {spark_submit_hook.py:479} INFO - 22/02/03 18:54:10 INFO FileSourceStrategy: Pushed Filters: IsNotNull(data)
[2022-02-03 18:54:10,441] {spark_submit_hook.py:479} INFO - 22/02/03 18:54:10 INFO FileSourceStrategy: Post-Scan Filters: (size(data#7, true) > 0),isnotnull(data#7)
[2022-02-03 18:54:10,441] {spark_submit_hook.py:479} INFO - 22/02/03 18:54:10 INFO FileSourceStrategy: Output Data Schema: struct<data: array<struct<author_id:string,conversation_id:string,created_at:string,id:string,in_reply_to_user_id:string,public_metrics:struct<like_count:bigint,quote_count:bigint,reply_count:bigint,retweet_count:bigint>,text:string>>>
[2022-02-03 18:54:10,516] {spark_submit_hook.py:479} INFO - 22/02/03 18:54:10 INFO FileOutputCommitter: File Output Committer Algorithm version is 1
[2022-02-03 18:54:10,516] {spark_submit_hook.py:479} INFO - 22/02/03 18:54:10 INFO FileOutputCommitter: FileOutputCommitter skip cleanup _temporary folders under output directory:false, ignore cleanup failures: false
[2022-02-03 18:54:10,517] {spark_submit_hook.py:479} INFO - 22/02/03 18:54:10 INFO SQLHadoopMapReduceCommitProtocol: Using output committer class org.apache.hadoop.mapreduce.lib.output.FileOutputCommitter
[2022-02-03 18:54:10,715] {spark_submit_hook.py:479} INFO - 22/02/03 18:54:10 INFO CodeGenerator: Code generated in 99.0876 ms
[2022-02-03 18:54:10,723] {spark_submit_hook.py:479} INFO - 22/02/03 18:54:10 INFO MemoryStore: Block broadcast_2 stored as values in memory (estimated size 189.8 KiB, free 434.0 MiB)
[2022-02-03 18:54:10,739] {spark_submit_hook.py:479} INFO - 22/02/03 18:54:10 INFO MemoryStore: Block broadcast_2_piece0 stored as bytes in memory (estimated size 32.8 KiB, free 433.9 MiB)
[2022-02-03 18:54:10,741] {spark_submit_hook.py:479} INFO - 22/02/03 18:54:10 INFO BlockManagerInfo: Added broadcast_2_piece0 in memory on 192.168.15.153:64671 (size: 32.8 KiB, free: 434.3 MiB)
[2022-02-03 18:54:10,742] {spark_submit_hook.py:479} INFO - 22/02/03 18:54:10 INFO SparkContext: Created broadcast 2 from json at NativeMethodAccessorImpl.java:0
[2022-02-03 18:54:10,746] {spark_submit_hook.py:479} INFO - 22/02/03 18:54:10 INFO FileSourceScanExec: Planning scan with bin packing, max size: 4203050 bytes, open cost is considered as scanning 4194304 bytes.
[2022-02-03 18:54:10,819] {spark_submit_hook.py:479} INFO - 22/02/03 18:54:10 INFO SparkContext: Starting job: json at NativeMethodAccessorImpl.java:0
[2022-02-03 18:54:10,821] {spark_submit_hook.py:479} INFO - 22/02/03 18:54:10 INFO DAGScheduler: Got job 1 (json at NativeMethodAccessorImpl.java:0) with 1 output partitions
[2022-02-03 18:54:10,821] {spark_submit_hook.py:479} INFO - 22/02/03 18:54:10 INFO DAGScheduler: Final stage: ResultStage 1 (json at NativeMethodAccessorImpl.java:0)
[2022-02-03 18:54:10,822] {spark_submit_hook.py:479} INFO - 22/02/03 18:54:10 INFO DAGScheduler: Parents of final stage: List()
[2022-02-03 18:54:10,822] {spark_submit_hook.py:479} INFO - 22/02/03 18:54:10 INFO DAGScheduler: Missing parents: List()
[2022-02-03 18:54:10,823] {spark_submit_hook.py:479} INFO - 22/02/03 18:54:10 INFO DAGScheduler: Submitting ResultStage 1 (CoalescedRDD[7] at json at NativeMethodAccessorImpl.java:0), which has no missing parents
[2022-02-03 18:54:10,857] {spark_submit_hook.py:479} INFO - 22/02/03 18:54:10 INFO MemoryStore: Block broadcast_3 stored as values in memory (estimated size 223.7 KiB, free 433.7 MiB)
[2022-02-03 18:54:10,861] {spark_submit_hook.py:479} INFO - 22/02/03 18:54:10 INFO MemoryStore: Block broadcast_3_piece0 stored as bytes in memory (estimated size 77.4 KiB, free 433.7 MiB)
[2022-02-03 18:54:10,861] {spark_submit_hook.py:479} INFO - 22/02/03 18:54:10 INFO BlockManagerInfo: Added broadcast_3_piece0 in memory on 192.168.15.153:64671 (size: 77.4 KiB, free: 434.3 MiB)
[2022-02-03 18:54:10,862] {spark_submit_hook.py:479} INFO - 22/02/03 18:54:10 INFO SparkContext: Created broadcast 3 from broadcast at DAGScheduler.scala:1478
[2022-02-03 18:54:10,863] {spark_submit_hook.py:479} INFO - 22/02/03 18:54:10 INFO DAGScheduler: Submitting 1 missing tasks from ResultStage 1 (CoalescedRDD[7] at json at NativeMethodAccessorImpl.java:0) (first 15 tasks are for partitions Vector(0))
[2022-02-03 18:54:10,863] {spark_submit_hook.py:479} INFO - 22/02/03 18:54:10 INFO TaskSchedulerImpl: Adding task set 1.0 with 1 tasks resource profile 0
[2022-02-03 18:54:10,867] {spark_submit_hook.py:479} INFO - 22/02/03 18:54:10 INFO TaskSetManager: Starting task 0.0 in stage 1.0 (TID 1) (192.168.15.153, executor driver, partition 0, PROCESS_LOCAL, 5204 bytes) taskResourceAssignments Map()
[2022-02-03 18:54:10,868] {spark_submit_hook.py:479} INFO - 22/02/03 18:54:10 INFO Executor: Running task 0.0 in stage 1.0 (TID 1)
[2022-02-03 18:54:10,932] {spark_submit_hook.py:479} INFO - 22/02/03 18:54:10 INFO FileOutputCommitter: File Output Committer Algorithm version is 1
[2022-02-03 18:54:10,933] {spark_submit_hook.py:479} INFO - 22/02/03 18:54:10 INFO FileOutputCommitter: FileOutputCommitter skip cleanup _temporary folders under output directory:false, ignore cleanup failures: false
[2022-02-03 18:54:10,933] {spark_submit_hook.py:479} INFO - 22/02/03 18:54:10 INFO SQLHadoopMapReduceCommitProtocol: Using output committer class org.apache.hadoop.mapreduce.lib.output.FileOutputCommitter
[2022-02-03 18:54:10,997] {spark_submit_hook.py:479} INFO - 22/02/03 18:54:10 INFO FileScanRDD: Reading File path: file:///mnt/d/Alura/engenharia-dados-apache-airflow/datapipeline/datalake/bronze/twitter_aluraonline/extract_date=2022-01-30/AluraOnline_20220130.json, range: 0-8746, partition values: [empty row]
[2022-02-03 18:54:11,025] {spark_submit_hook.py:479} INFO - 22/02/03 18:54:11 INFO CodeGenerator: Code generated in 24.1604 ms
[2022-02-03 18:54:11,059] {spark_submit_hook.py:479} INFO - 22/02/03 18:54:11 INFO CodeGenerator: Code generated in 8.1881 ms
[2022-02-03 18:54:11,115] {spark_submit_hook.py:479} INFO - 22/02/03 18:54:11 INFO FileOutputCommitter: Saved output of task 'attempt_202202031854108250607670641877784_0001_m_000000_1' to file:/mnt/d/Alura/engenharia-dados-apache-airflow/datapipeline/datalake/silver/twitter_aluraonline/tweet/process_date=2022-01-30/_temporary/0/task_202202031854108250607670641877784_0001_m_000000
[2022-02-03 18:54:11,116] {spark_submit_hook.py:479} INFO - 22/02/03 18:54:11 INFO SparkHadoopMapRedUtil: attempt_202202031854108250607670641877784_0001_m_000000_1: Committed
[2022-02-03 18:54:11,123] {spark_submit_hook.py:479} INFO - 22/02/03 18:54:11 INFO Executor: Finished task 0.0 in stage 1.0 (TID 1). 2670 bytes result sent to driver
[2022-02-03 18:54:11,127] {spark_submit_hook.py:479} INFO - 22/02/03 18:54:11 INFO TaskSetManager: Finished task 0.0 in stage 1.0 (TID 1) in 262 ms on 192.168.15.153 (executor driver) (1/1)
[2022-02-03 18:54:11,127] {spark_submit_hook.py:479} INFO - 22/02/03 18:54:11 INFO TaskSchedulerImpl: Removed TaskSet 1.0, whose tasks have all completed, from pool
[2022-02-03 18:54:11,130] {spark_submit_hook.py:479} INFO - 22/02/03 18:54:11 INFO DAGScheduler: ResultStage 1 (json at NativeMethodAccessorImpl.java:0) finished in 0.304 s
[2022-02-03 18:54:11,130] {spark_submit_hook.py:479} INFO - 22/02/03 18:54:11 INFO DAGScheduler: Job 1 is finished. Cancelling potential speculative or zombie tasks for this job
[2022-02-03 18:54:11,130] {spark_submit_hook.py:479} INFO - 22/02/03 18:54:11 INFO TaskSchedulerImpl: Killing all running tasks in stage 1: Stage finished
[2022-02-03 18:54:11,132] {spark_submit_hook.py:479} INFO - 22/02/03 18:54:11 INFO DAGScheduler: Job 1 finished: json at NativeMethodAccessorImpl.java:0, took 0.310967 s
[2022-02-03 18:54:11,133] {spark_submit_hook.py:479} INFO - 22/02/03 18:54:11 INFO FileFormatWriter: Start to commit write Job c7236cca-fa28-4fc8-8c94-1856807dc58c.
[2022-02-03 18:54:11,180] {spark_submit_hook.py:479} INFO - 22/02/03 18:54:11 INFO FileFormatWriter: Write Job c7236cca-fa28-4fc8-8c94-1856807dc58c committed. Elapsed time: 46 ms.
[2022-02-03 18:54:11,185] {spark_submit_hook.py:479} INFO - 22/02/03 18:54:11 INFO FileFormatWriter: Finished processing stats for write job c7236cca-fa28-4fc8-8c94-1856807dc58c.
[2022-02-03 18:54:11,227] {spark_submit_hook.py:479} INFO - 22/02/03 18:54:11 INFO FileSourceStrategy: Pushed Filters:
[2022-02-03 18:54:11,227] {spark_submit_hook.py:479} INFO - 22/02/03 18:54:11 INFO FileSourceStrategy: Post-Scan Filters:
[2022-02-03 18:54:11,228] {spark_submit_hook.py:479} INFO - 22/02/03 18:54:11 INFO FileSourceStrategy: Output Data Schema: struct<includes: struct<users: array<struct<created_at:string,id:string,name:string,username:string>>>>
[2022-02-03 18:54:11,238] {spark_submit_hook.py:479} INFO - 22/02/03 18:54:11 INFO FileOutputCommitter: File Output Committer Algorithm version is 1
[2022-02-03 18:54:11,239] {spark_submit_hook.py:479} INFO - 22/02/03 18:54:11 INFO FileOutputCommitter: FileOutputCommitter skip cleanup _temporary folders under output directory:false, ignore cleanup failures: false
[2022-02-03 18:54:11,239] {spark_submit_hook.py:479} INFO - 22/02/03 18:54:11 INFO SQLHadoopMapReduceCommitProtocol: Using output committer class org.apache.hadoop.mapreduce.lib.output.FileOutputCommitter
[2022-02-03 18:54:11,298] {spark_submit_hook.py:479} INFO - 22/02/03 18:54:11 INFO CodeGenerator: Code generated in 20.1151 ms
[2022-02-03 18:54:11,302] {spark_submit_hook.py:479} INFO - 22/02/03 18:54:11 INFO MemoryStore: Block broadcast_4 stored as values in memory (estimated size 189.8 KiB, free 433.5 MiB)
[2022-02-03 18:54:11,318] {spark_submit_hook.py:479} INFO - 22/02/03 18:54:11 INFO MemoryStore: Block broadcast_4_piece0 stored as bytes in memory (estimated size 32.8 KiB, free 433.4 MiB)
[2022-02-03 18:54:11,320] {spark_submit_hook.py:479} INFO - 22/02/03 18:54:11 INFO BlockManagerInfo: Added broadcast_4_piece0 in memory on 192.168.15.153:64671 (size: 32.8 KiB, free: 434.2 MiB)
[2022-02-03 18:54:11,321] {spark_submit_hook.py:479} INFO - 22/02/03 18:54:11 INFO SparkContext: Created broadcast 4 from json at NativeMethodAccessorImpl.java:0
[2022-02-03 18:54:11,322] {spark_submit_hook.py:479} INFO - 22/02/03 18:54:11 INFO FileSourceScanExec: Planning scan with bin packing, max size: 4203050 bytes, open cost is considered as scanning 4194304 bytes.
[2022-02-03 18:54:11,347] {spark_submit_hook.py:479} INFO - 22/02/03 18:54:11 INFO SparkContext: Starting job: json at NativeMethodAccessorImpl.java:0
[2022-02-03 18:54:11,348] {spark_submit_hook.py:479} INFO - 22/02/03 18:54:11 INFO DAGScheduler: Got job 2 (json at NativeMethodAccessorImpl.java:0) with 1 output partitions
[2022-02-03 18:54:11,348] {spark_submit_hook.py:479} INFO - 22/02/03 18:54:11 INFO DAGScheduler: Final stage: ResultStage 2 (json at NativeMethodAccessorImpl.java:0)
[2022-02-03 18:54:11,349] {spark_submit_hook.py:479} INFO - 22/02/03 18:54:11 INFO DAGScheduler: Parents of final stage: List()
[2022-02-03 18:54:11,349] {spark_submit_hook.py:479} INFO - 22/02/03 18:54:11 INFO DAGScheduler: Missing parents: List()
[2022-02-03 18:54:11,350] {spark_submit_hook.py:479} INFO - 22/02/03 18:54:11 INFO DAGScheduler: Submitting ResultStage 2 (CoalescedRDD[11] at json at NativeMethodAccessorImpl.java:0), which has no missing parents
[2022-02-03 18:54:11,375] {spark_submit_hook.py:479} INFO - 22/02/03 18:54:11 INFO MemoryStore: Block broadcast_5 stored as values in memory (estimated size 209.1 KiB, free 433.2 MiB)
[2022-02-03 18:54:11,383] {spark_submit_hook.py:479} INFO - 22/02/03 18:54:11 INFO MemoryStore: Block broadcast_5_piece0 stored as bytes in memory (estimated size 75.2 KiB, free 433.2 MiB)
[2022-02-03 18:54:11,384] {spark_submit_hook.py:479} INFO - 22/02/03 18:54:11 INFO BlockManagerInfo: Added broadcast_5_piece0 in memory on 192.168.15.153:64671 (size: 75.2 KiB, free: 434.1 MiB)
[2022-02-03 18:54:11,385] {spark_submit_hook.py:479} INFO - 22/02/03 18:54:11 INFO SparkContext: Created broadcast 5 from broadcast at DAGScheduler.scala:1478
[2022-02-03 18:54:11,385] {spark_submit_hook.py:479} INFO - 22/02/03 18:54:11 INFO DAGScheduler: Submitting 1 missing tasks from ResultStage 2 (CoalescedRDD[11] at json at NativeMethodAccessorImpl.java:0) (first 15 tasks are for partitions Vector(0))
[2022-02-03 18:54:11,386] {spark_submit_hook.py:479} INFO - 22/02/03 18:54:11 INFO TaskSchedulerImpl: Adding task set 2.0 with 1 tasks resource profile 0
[2022-02-03 18:54:11,387] {spark_submit_hook.py:479} INFO - 22/02/03 18:54:11 INFO TaskSetManager: Starting task 0.0 in stage 2.0 (TID 2) (192.168.15.153, executor driver, partition 0, PROCESS_LOCAL, 5204 bytes) taskResourceAssignments Map()
[2022-02-03 18:54:11,388] {spark_submit_hook.py:479} INFO - 22/02/03 18:54:11 INFO Executor: Running task 0.0 in stage 2.0 (TID 2)
[2022-02-03 18:54:11,408] {spark_submit_hook.py:479} INFO - 22/02/03 18:54:11 INFO FileOutputCommitter: File Output Committer Algorithm version is 1
[2022-02-03 18:54:11,408] {spark_submit_hook.py:479} INFO - 22/02/03 18:54:11 INFO FileOutputCommitter: FileOutputCommitter skip cleanup _temporary folders under output directory:false, ignore cleanup failures: false
[2022-02-03 18:54:11,408] {spark_submit_hook.py:479} INFO - 22/02/03 18:54:11 INFO SQLHadoopMapReduceCommitProtocol: Using output committer class org.apache.hadoop.mapreduce.lib.output.FileOutputCommitter
[2022-02-03 18:54:11,469] {spark_submit_hook.py:479} INFO - 22/02/03 18:54:11 INFO FileScanRDD: Reading File path: file:///mnt/d/Alura/engenharia-dados-apache-airflow/datapipeline/datalake/bronze/twitter_aluraonline/extract_date=2022-01-30/AluraOnline_20220130.json, range: 0-8746, partition values: [empty row]
[2022-02-03 18:54:11,497] {spark_submit_hook.py:479} INFO - 22/02/03 18:54:11 INFO CodeGenerator: Code generated in 23.4049 ms
[2022-02-03 18:54:11,546] {spark_submit_hook.py:479} INFO - 22/02/03 18:54:11 INFO FileOutputCommitter: Saved output of task 'attempt_202202031854116946664225252622053_0002_m_000000_2' to file:/mnt/d/Alura/engenharia-dados-apache-airflow/datapipeline/datalake/silver/twitter_aluraonline/user/process_date=2022-01-30/_temporary/0/task_202202031854116946664225252622053_0002_m_000000
[2022-02-03 18:54:11,546] {spark_submit_hook.py:479} INFO - 22/02/03 18:54:11 INFO SparkHadoopMapRedUtil: attempt_202202031854116946664225252622053_0002_m_000000_2: Committed
[2022-02-03 18:54:11,549] {spark_submit_hook.py:479} INFO - 22/02/03 18:54:11 INFO Executor: Finished task 0.0 in stage 2.0 (TID 2). 2571 bytes result sent to driver
[2022-02-03 18:54:11,551] {spark_submit_hook.py:479} INFO - 22/02/03 18:54:11 INFO TaskSetManager: Finished task 0.0 in stage 2.0 (TID 2) in 165 ms on 192.168.15.153 (executor driver) (1/1)
[2022-02-03 18:54:11,551] {spark_submit_hook.py:479} INFO - 22/02/03 18:54:11 INFO TaskSchedulerImpl: Removed TaskSet 2.0, whose tasks have all completed, from pool
[2022-02-03 18:54:11,554] {spark_submit_hook.py:479} INFO - 22/02/03 18:54:11 INFO DAGScheduler: ResultStage 2 (json at NativeMethodAccessorImpl.java:0) finished in 0.202 s
[2022-02-03 18:54:11,555] {spark_submit_hook.py:479} INFO - 22/02/03 18:54:11 INFO DAGScheduler: Job 2 is finished. Cancelling potential speculative or zombie tasks for this job
[2022-02-03 18:54:11,555] {spark_submit_hook.py:479} INFO - 22/02/03 18:54:11 INFO TaskSchedulerImpl: Killing all running tasks in stage 2: Stage finished
[2022-02-03 18:54:11,556] {spark_submit_hook.py:479} INFO - 22/02/03 18:54:11 INFO DAGScheduler: Job 2 finished: json at NativeMethodAccessorImpl.java:0, took 0.208518 s
[2022-02-03 18:54:11,557] {spark_submit_hook.py:479} INFO - 22/02/03 18:54:11 INFO FileFormatWriter: Start to commit write Job be0a771f-ee48-4020-aa64-ddea5d9b277a.
[2022-02-03 18:54:11,621] {spark_submit_hook.py:479} INFO - 22/02/03 18:54:11 INFO FileFormatWriter: Write Job be0a771f-ee48-4020-aa64-ddea5d9b277a committed. Elapsed time: 64 ms.
[2022-02-03 18:54:11,621] {spark_submit_hook.py:479} INFO - 22/02/03 18:54:11 INFO FileFormatWriter: Finished processing stats for write job be0a771f-ee48-4020-aa64-ddea5d9b277a.
[2022-02-03 18:54:11,700] {spark_submit_hook.py:479} INFO - 22/02/03 18:54:11 INFO SparkContext: Invoking stop() from shutdown hook
[2022-02-03 18:54:11,715] {spark_submit_hook.py:479} INFO - 22/02/03 18:54:11 INFO SparkUI: Stopped Spark web UI at http://192.168.15.153:4040
[2022-02-03 18:54:11,731] {spark_submit_hook.py:479} INFO - 22/02/03 18:54:11 INFO MapOutputTrackerMasterEndpoint: MapOutputTrackerMasterEndpoint stopped!
[2022-02-03 18:54:11,754] {spark_submit_hook.py:479} INFO - 22/02/03 18:54:11 INFO MemoryStore: MemoryStore cleared
[2022-02-03 18:54:11,754] {spark_submit_hook.py:479} INFO - 22/02/03 18:54:11 INFO BlockManager: BlockManager stopped
[2022-02-03 18:54:11,764] {spark_submit_hook.py:479} INFO - 22/02/03 18:54:11 INFO BlockManagerMaster: BlockManagerMaster stopped
[2022-02-03 18:54:11,767] {spark_submit_hook.py:479} INFO - 22/02/03 18:54:11 INFO OutputCommitCoordinator$OutputCommitCoordinatorEndpoint: OutputCommitCoordinator stopped!
[2022-02-03 18:54:11,781] {spark_submit_hook.py:479} INFO - 22/02/03 18:54:11 INFO SparkContext: Successfully stopped SparkContext
[2022-02-03 18:54:11,781] {spark_submit_hook.py:479} INFO - 22/02/03 18:54:11 INFO ShutdownHookManager: Shutdown hook called
[2022-02-03 18:54:11,782] {spark_submit_hook.py:479} INFO - 22/02/03 18:54:11 INFO ShutdownHookManager: Deleting directory /tmp/spark-b4be34b3-70fe-4e5d-a7cf-14f68682acab/pyspark-718062aa-a62e-43a0-8cd5-c0f710efe3ff
[2022-02-03 18:54:11,793] {spark_submit_hook.py:479} INFO - 22/02/03 18:54:11 INFO ShutdownHookManager: Deleting directory /tmp/spark-b4be34b3-70fe-4e5d-a7cf-14f68682acab
[2022-02-03 18:54:11,801] {spark_submit_hook.py:479} INFO - 22/02/03 18:54:11 INFO ShutdownHookManager: Deleting directory /tmp/spark-eeb278ae-2828-492c-b415-66ea9f24402d
[2022-02-03 18:54:11,860] {taskinstance.py:1070} INFO - Marking task as SUCCESS.dag_id=twitter_dag, task_id=transform_twitter_aluraonline, execution_date=20220130T090000, start_date=20220203T215400, end_date=20220203T215411
[2022-02-03 18:54:15,455] {local_task_job.py:102} INFO - Task exited with return code 0
