[2022-02-03 18:56:00,867] {taskinstance.py:670} INFO - Dependencies all met for <TaskInstance: twitter_dag.twitter_aluraonline 2022-01-31T09:00:00+00:00 [queued]>
[2022-02-03 18:56:00,873] {taskinstance.py:670} INFO - Dependencies all met for <TaskInstance: twitter_dag.twitter_aluraonline 2022-01-31T09:00:00+00:00 [queued]>
[2022-02-03 18:56:00,873] {taskinstance.py:880} INFO - 
--------------------------------------------------------------------------------
[2022-02-03 18:56:00,874] {taskinstance.py:881} INFO - Starting attempt 1 of 1
[2022-02-03 18:56:00,874] {taskinstance.py:882} INFO - 
--------------------------------------------------------------------------------
[2022-02-03 18:56:00,881] {taskinstance.py:901} INFO - Executing <Task(TwitterOperator): twitter_aluraonline> on 2022-01-31T09:00:00+00:00
[2022-02-03 18:56:00,892] {standard_task_runner.py:54} INFO - Started process 10101 to run task
[2022-02-03 18:56:00,957] {standard_task_runner.py:77} INFO - Running: ['airflow', 'run', 'twitter_dag', 'twitter_aluraonline', '2022-01-31T09:00:00+00:00', '--job_id', '13', '--pool', 'default_pool', '--raw', '-sd', 'DAGS_FOLDER/twitter_dag.py', '--cfg_path', '/tmp/tmpp7pj56hq']
[2022-02-03 18:56:00,958] {standard_task_runner.py:78} INFO - Job 13: Subtask twitter_aluraonline
[2022-02-03 18:56:00,993] {logging_mixin.py:112} INFO - Running <TaskInstance: twitter_dag.twitter_aluraonline 2022-01-31T09:00:00+00:00 [running]> on host SPVALN1-612R9D4.pitagoras.apollo.br
[2022-02-03 18:56:01,047] {base_hook.py:89} INFO - Using connection to: id: twitter_default. Host: https://api.twitter.com, Port: None, Schema: None, Login: None, Password: None, extra: XXXXXXXX
[2022-02-03 18:56:01,048] {twitter_hook.py:36} INFO - URL: https://api.twitter.com/2/tweets/search/recent?query=AluraOnline&tweet.fields=author_id,conversation_id,created_at,id,in_reply_to_user_id,public_metrics,text&expansions=author_id&user.fields=id,name,username,created_at&start_time=2022-01-31T09:00:00.00Z&end_time=2022-02-01T09:00:00.00Z
[2022-02-03 18:56:04,715] {logging_mixin.py:112} WARNING - /mnt/d/Alura/engenharia-dados-apache-airflow/datapipeline/.env/lib/python3.7/site-packages/urllib3/connectionpool.py:988: InsecureRequestWarning: Unverified HTTPS request is being made to host 'api.twitter.com'. Adding certificate verification is strongly advised. See: https://urllib3.readthedocs.io/en/latest/advanced-usage.html#ssl-warnings
  InsecureRequestWarning,
[2022-02-03 18:56:04,985] {twitter_hook.py:36} INFO - URL: https://api.twitter.com/2/tweets/search/recent?query=AluraOnline&tweet.fields=author_id,conversation_id,created_at,id,in_reply_to_user_id,public_metrics,text&expansions=author_id&user.fields=id,name,username,created_at&start_time=2022-01-31T09:00:00.00Z&end_time=2022-02-01T09:00:00.00Z&next_token=b26v89c19zqg8o3fpe48hb71b71bbb167pqksjkilahdp
[2022-02-03 18:56:04,985] {logging_mixin.py:112} WARNING - /mnt/d/Alura/engenharia-dados-apache-airflow/datapipeline/.env/lib/python3.7/site-packages/urllib3/connectionpool.py:988: InsecureRequestWarning: Unverified HTTPS request is being made to host 'api.twitter.com'. Adding certificate verification is strongly advised. See: https://urllib3.readthedocs.io/en/latest/advanced-usage.html#ssl-warnings
  InsecureRequestWarning,
[2022-02-03 18:56:05,284] {twitter_hook.py:36} INFO - URL: https://api.twitter.com/2/tweets/search/recent?query=AluraOnline&tweet.fields=author_id,conversation_id,created_at,id,in_reply_to_user_id,public_metrics,text&expansions=author_id&user.fields=id,name,username,created_at&start_time=2022-01-31T09:00:00.00Z&end_time=2022-02-01T09:00:00.00Z&next_token=b26v89c19zqg8o3fpe48hb5jd1il57c2jsppdh27dfon1
[2022-02-03 18:56:05,285] {logging_mixin.py:112} WARNING - /mnt/d/Alura/engenharia-dados-apache-airflow/datapipeline/.env/lib/python3.7/site-packages/urllib3/connectionpool.py:988: InsecureRequestWarning: Unverified HTTPS request is being made to host 'api.twitter.com'. Adding certificate verification is strongly advised. See: https://urllib3.readthedocs.io/en/latest/advanced-usage.html#ssl-warnings
  InsecureRequestWarning,
[2022-02-03 18:56:05,585] {twitter_hook.py:36} INFO - URL: https://api.twitter.com/2/tweets/search/recent?query=AluraOnline&tweet.fields=author_id,conversation_id,created_at,id,in_reply_to_user_id,public_metrics,text&expansions=author_id&user.fields=id,name,username,created_at&start_time=2022-01-31T09:00:00.00Z&end_time=2022-02-01T09:00:00.00Z&next_token=b26v89c19zqg8o3fpe48h92awrjyib8vyytmqpmly120t
[2022-02-03 18:56:05,585] {logging_mixin.py:112} WARNING - /mnt/d/Alura/engenharia-dados-apache-airflow/datapipeline/.env/lib/python3.7/site-packages/urllib3/connectionpool.py:988: InsecureRequestWarning: Unverified HTTPS request is being made to host 'api.twitter.com'. Adding certificate verification is strongly advised. See: https://urllib3.readthedocs.io/en/latest/advanced-usage.html#ssl-warnings
  InsecureRequestWarning,
[2022-02-03 18:56:05,935] {twitter_hook.py:36} INFO - URL: https://api.twitter.com/2/tweets/search/recent?query=AluraOnline&tweet.fields=author_id,conversation_id,created_at,id,in_reply_to_user_id,public_metrics,text&expansions=author_id&user.fields=id,name,username,created_at&start_time=2022-01-31T09:00:00.00Z&end_time=2022-02-01T09:00:00.00Z&next_token=b26v89c19zqg8o3fpe48h91epj2c6bew1umkophgnmph9
[2022-02-03 18:56:05,936] {logging_mixin.py:112} WARNING - /mnt/d/Alura/engenharia-dados-apache-airflow/datapipeline/.env/lib/python3.7/site-packages/urllib3/connectionpool.py:988: InsecureRequestWarning: Unverified HTTPS request is being made to host 'api.twitter.com'. Adding certificate verification is strongly advised. See: https://urllib3.readthedocs.io/en/latest/advanced-usage.html#ssl-warnings
  InsecureRequestWarning,
[2022-02-03 18:56:06,201] {taskinstance.py:1070} INFO - Marking task as SUCCESS.dag_id=twitter_dag, task_id=twitter_aluraonline, execution_date=20220131T090000, start_date=20220203T215600, end_date=20220203T215606
[2022-02-03 18:56:10,854] {local_task_job.py:102} INFO - Task exited with return code 0
