[2022-02-03 18:51:01,649] {taskinstance.py:670} INFO - Dependencies all met for <TaskInstance: twitter_dag.transform_twitter_aluraonline 2022-01-29T09:00:00+00:00 [queued]>
[2022-02-03 18:51:01,658] {taskinstance.py:670} INFO - Dependencies all met for <TaskInstance: twitter_dag.transform_twitter_aluraonline 2022-01-29T09:00:00+00:00 [queued]>
[2022-02-03 18:51:01,658] {taskinstance.py:880} INFO - 
--------------------------------------------------------------------------------
[2022-02-03 18:51:01,658] {taskinstance.py:881} INFO - Starting attempt 1 of 1
[2022-02-03 18:51:01,658] {taskinstance.py:882} INFO - 
--------------------------------------------------------------------------------
[2022-02-03 18:51:01,665] {taskinstance.py:901} INFO - Executing <Task(SparkSubmitOperator): transform_twitter_aluraonline> on 2022-01-29T09:00:00+00:00
[2022-02-03 18:51:01,676] {standard_task_runner.py:54} INFO - Started process 9519 to run task
[2022-02-03 18:51:01,743] {standard_task_runner.py:77} INFO - Running: ['airflow', 'run', 'twitter_dag', 'transform_twitter_aluraonline', '2022-01-29T09:00:00+00:00', '--job_id', '10', '--pool', 'default_pool', '--raw', '-sd', 'DAGS_FOLDER/twitter_dag.py', '--cfg_path', '/tmp/tmp7z4yuvue']
[2022-02-03 18:51:01,745] {standard_task_runner.py:78} INFO - Job 10: Subtask transform_twitter_aluraonline
[2022-02-03 18:51:01,785] {logging_mixin.py:112} INFO - Running <TaskInstance: twitter_dag.transform_twitter_aluraonline 2022-01-29T09:00:00+00:00 [running]> on host SPVALN1-612R9D4.pitagoras.apollo.br
[2022-02-03 18:51:01,841] {base_hook.py:89} INFO - Using connection to: id: spark_default. Host: local, Port: None, Schema: None, Login: None, Password: None, extra: XXXXXXXX
[2022-02-03 18:51:01,843] {spark_submit_hook.py:325} INFO - Spark-Submit cmd: spark-submit --master local --name twitter_transformation /mnt/d/Alura/engenharia-dados-apache-airflow/datapipeline/spark/transformation.py --src /mnt/d/Alura/engenharia-dados-apache-airflow/datapipeline/datalake/bronze/twitter_aluraonline/extract_date=2022-01-29 --dest /mnt/d/Alura/engenharia-dados-apache-airflow/datapipeline/datalake/silver/twitter_aluraonline/ --process-date 2022-01-29
[2022-02-03 18:51:04,119] {spark_submit_hook.py:479} INFO - 22/02/03 18:51:04 WARN Utils: Your hostname, SPVALN1-612R9D4 resolves to a loopback address: 127.0.1.1; using 192.168.15.153 instead (on interface eth0)
[2022-02-03 18:51:04,120] {spark_submit_hook.py:479} INFO - 22/02/03 18:51:04 WARN Utils: Set SPARK_LOCAL_IP if you need to bind to another address
[2022-02-03 18:51:04,138] {spark_submit_hook.py:479} INFO - WARNING: An illegal reflective access operation has occurred
[2022-02-03 18:51:04,138] {spark_submit_hook.py:479} INFO - WARNING: Illegal reflective access by org.apache.spark.unsafe.Platform (file:/mnt/d/Alura/engenharia-dados-apache-airflow/datapipeline/.env/lib/python3.7/site-packages/pyspark/jars/spark-unsafe_2.12-3.2.1.jar) to constructor java.nio.DirectByteBuffer(long,int)
[2022-02-03 18:51:04,138] {spark_submit_hook.py:479} INFO - WARNING: Please consider reporting this to the maintainers of org.apache.spark.unsafe.Platform
[2022-02-03 18:51:04,138] {spark_submit_hook.py:479} INFO - WARNING: Use --illegal-access=warn to enable warnings of further illegal reflective access operations
[2022-02-03 18:51:04,138] {spark_submit_hook.py:479} INFO - WARNING: All illegal access operations will be denied in a future release
[2022-02-03 18:51:05,925] {spark_submit_hook.py:479} INFO - Using Spark's default log4j profile: org/apache/spark/log4j-defaults.properties
[2022-02-03 18:51:05,933] {spark_submit_hook.py:479} INFO - 22/02/03 18:51:05 INFO SparkContext: Running Spark version 3.2.1
[2022-02-03 18:51:06,017] {spark_submit_hook.py:479} INFO - 22/02/03 18:51:06 WARN NativeCodeLoader: Unable to load native-hadoop library for your platform... using builtin-java classes where applicable
[2022-02-03 18:51:06,183] {spark_submit_hook.py:479} INFO - 22/02/03 18:51:06 INFO ResourceUtils: ==============================================================
[2022-02-03 18:51:06,184] {spark_submit_hook.py:479} INFO - 22/02/03 18:51:06 INFO ResourceUtils: No custom resources configured for spark.driver.
[2022-02-03 18:51:06,184] {spark_submit_hook.py:479} INFO - 22/02/03 18:51:06 INFO ResourceUtils: ==============================================================
[2022-02-03 18:51:06,185] {spark_submit_hook.py:479} INFO - 22/02/03 18:51:06 INFO SparkContext: Submitted application: twitter_transformation
[2022-02-03 18:51:06,226] {spark_submit_hook.py:479} INFO - 22/02/03 18:51:06 INFO ResourceProfile: Default ResourceProfile created, executor resources: Map(cores -> name: cores, amount: 1, script: , vendor: , memory -> name: memory, amount: 1024, script: , vendor: , offHeap -> name: offHeap, amount: 0, script: , vendor: ), task resources: Map(cpus -> name: cpus, amount: 1.0)
[2022-02-03 18:51:06,243] {spark_submit_hook.py:479} INFO - 22/02/03 18:51:06 INFO ResourceProfile: Limiting resource is cpu
[2022-02-03 18:51:06,243] {spark_submit_hook.py:479} INFO - 22/02/03 18:51:06 INFO ResourceProfileManager: Added ResourceProfile id: 0
[2022-02-03 18:51:06,329] {spark_submit_hook.py:479} INFO - 22/02/03 18:51:06 INFO SecurityManager: Changing view acls to: felipe
[2022-02-03 18:51:06,329] {spark_submit_hook.py:479} INFO - 22/02/03 18:51:06 INFO SecurityManager: Changing modify acls to: felipe
[2022-02-03 18:51:06,330] {spark_submit_hook.py:479} INFO - 22/02/03 18:51:06 INFO SecurityManager: Changing view acls groups to:
[2022-02-03 18:51:06,330] {spark_submit_hook.py:479} INFO - 22/02/03 18:51:06 INFO SecurityManager: Changing modify acls groups to:
[2022-02-03 18:51:06,334] {spark_submit_hook.py:479} INFO - 22/02/03 18:51:06 INFO SecurityManager: SecurityManager: authentication disabled; ui acls disabled; users  with view permissions: Set(felipe); groups with view permissions: Set(); users  with modify permissions: Set(felipe); groups with modify permissions: Set()
[2022-02-03 18:51:06,619] {spark_submit_hook.py:479} INFO - 22/02/03 18:51:06 INFO Utils: Successfully started service 'sparkDriver' on port 64531.
[2022-02-03 18:51:06,654] {spark_submit_hook.py:479} INFO - 22/02/03 18:51:06 INFO SparkEnv: Registering MapOutputTracker
[2022-02-03 18:51:06,687] {spark_submit_hook.py:479} INFO - 22/02/03 18:51:06 INFO SparkEnv: Registering BlockManagerMaster
[2022-02-03 18:51:06,708] {spark_submit_hook.py:479} INFO - 22/02/03 18:51:06 INFO BlockManagerMasterEndpoint: Using org.apache.spark.storage.DefaultTopologyMapper for getting topology information
[2022-02-03 18:51:06,709] {spark_submit_hook.py:479} INFO - 22/02/03 18:51:06 INFO BlockManagerMasterEndpoint: BlockManagerMasterEndpoint up
[2022-02-03 18:51:06,713] {spark_submit_hook.py:479} INFO - 22/02/03 18:51:06 INFO SparkEnv: Registering BlockManagerMasterHeartbeat
[2022-02-03 18:51:06,733] {spark_submit_hook.py:479} INFO - 22/02/03 18:51:06 INFO DiskBlockManager: Created local directory at /tmp/blockmgr-dd6c2820-988a-45a3-b8c8-b507bbca6668
[2022-02-03 18:51:06,755] {spark_submit_hook.py:479} INFO - 22/02/03 18:51:06 INFO MemoryStore: MemoryStore started with capacity 434.4 MiB
[2022-02-03 18:51:06,772] {spark_submit_hook.py:479} INFO - 22/02/03 18:51:06 INFO SparkEnv: Registering OutputCommitCoordinator
[2022-02-03 18:51:06,962] {spark_submit_hook.py:479} INFO - 22/02/03 18:51:06 INFO Utils: Successfully started service 'SparkUI' on port 4040.
[2022-02-03 18:51:07,017] {spark_submit_hook.py:479} INFO - 22/02/03 18:51:07 INFO SparkUI: Bound SparkUI to 0.0.0.0, and started at http://192.168.15.153:4040
[2022-02-03 18:51:07,192] {spark_submit_hook.py:479} INFO - 22/02/03 18:51:07 INFO Executor: Starting executor ID driver on host 192.168.15.153
[2022-02-03 18:51:07,221] {spark_submit_hook.py:479} INFO - 22/02/03 18:51:07 INFO Utils: Successfully started service 'org.apache.spark.network.netty.NettyBlockTransferService' on port 64533.
[2022-02-03 18:51:07,221] {spark_submit_hook.py:479} INFO - 22/02/03 18:51:07 INFO NettyBlockTransferService: Server created on 192.168.15.153:64533
[2022-02-03 18:51:07,223] {spark_submit_hook.py:479} INFO - 22/02/03 18:51:07 INFO BlockManager: Using org.apache.spark.storage.RandomBlockReplicationPolicy for block replication policy
[2022-02-03 18:51:07,231] {spark_submit_hook.py:479} INFO - 22/02/03 18:51:07 INFO BlockManagerMaster: Registering BlockManager BlockManagerId(driver, 192.168.15.153, 64533, None)
[2022-02-03 18:51:07,235] {spark_submit_hook.py:479} INFO - 22/02/03 18:51:07 INFO BlockManagerMasterEndpoint: Registering block manager 192.168.15.153:64533 with 434.4 MiB RAM, BlockManagerId(driver, 192.168.15.153, 64533, None)
[2022-02-03 18:51:07,238] {spark_submit_hook.py:479} INFO - 22/02/03 18:51:07 INFO BlockManagerMaster: Registered BlockManager BlockManagerId(driver, 192.168.15.153, 64533, None)
[2022-02-03 18:51:07,240] {spark_submit_hook.py:479} INFO - 22/02/03 18:51:07 INFO BlockManager: Initialized BlockManager: BlockManagerId(driver, 192.168.15.153, 64533, None)
[2022-02-03 18:51:07,621] {spark_submit_hook.py:479} INFO - 22/02/03 18:51:07 INFO SharedState: Setting hive.metastore.warehouse.dir ('null') to the value of spark.sql.warehouse.dir.
[2022-02-03 18:51:07,639] {spark_submit_hook.py:479} INFO - 22/02/03 18:51:07 INFO SharedState: Warehouse path is 'file:/mnt/d/Alura/engenharia-dados-apache-airflow/datapipeline/spark-warehouse'.
[2022-02-03 18:51:08,417] {spark_submit_hook.py:479} INFO - 22/02/03 18:51:08 INFO InMemoryFileIndex: It took 45 ms to list leaf files for 1 paths.
[2022-02-03 18:51:08,494] {spark_submit_hook.py:479} INFO - 22/02/03 18:51:08 INFO InMemoryFileIndex: It took 2 ms to list leaf files for 1 paths.
[2022-02-03 18:51:10,347] {spark_submit_hook.py:479} INFO - 22/02/03 18:51:10 INFO FileSourceStrategy: Pushed Filters:
[2022-02-03 18:51:10,349] {spark_submit_hook.py:479} INFO - 22/02/03 18:51:10 INFO FileSourceStrategy: Post-Scan Filters:
[2022-02-03 18:51:10,351] {spark_submit_hook.py:479} INFO - 22/02/03 18:51:10 INFO FileSourceStrategy: Output Data Schema: struct<value: string>
[2022-02-03 18:51:10,589] {spark_submit_hook.py:479} INFO - 22/02/03 18:51:10 INFO MemoryStore: Block broadcast_0 stored as values in memory (estimated size 189.9 KiB, free 434.2 MiB)
[2022-02-03 18:51:10,647] {spark_submit_hook.py:479} INFO - 22/02/03 18:51:10 INFO MemoryStore: Block broadcast_0_piece0 stored as bytes in memory (estimated size 32.9 KiB, free 434.2 MiB)
[2022-02-03 18:51:10,649] {spark_submit_hook.py:479} INFO - 22/02/03 18:51:10 INFO BlockManagerInfo: Added broadcast_0_piece0 in memory on 192.168.15.153:64533 (size: 32.9 KiB, free: 434.4 MiB)
[2022-02-03 18:51:10,654] {spark_submit_hook.py:479} INFO - 22/02/03 18:51:10 INFO SparkContext: Created broadcast 0 from json at NativeMethodAccessorImpl.java:0
[2022-02-03 18:51:10,662] {spark_submit_hook.py:479} INFO - 22/02/03 18:51:10 INFO FileSourceScanExec: Planning scan with bin packing, max size: 4210380 bytes, open cost is considered as scanning 4194304 bytes.
[2022-02-03 18:51:10,805] {spark_submit_hook.py:479} INFO - 22/02/03 18:51:10 INFO SparkContext: Starting job: json at NativeMethodAccessorImpl.java:0
[2022-02-03 18:51:10,821] {spark_submit_hook.py:479} INFO - 22/02/03 18:51:10 INFO DAGScheduler: Got job 0 (json at NativeMethodAccessorImpl.java:0) with 1 output partitions
[2022-02-03 18:51:10,821] {spark_submit_hook.py:479} INFO - 22/02/03 18:51:10 INFO DAGScheduler: Final stage: ResultStage 0 (json at NativeMethodAccessorImpl.java:0)
[2022-02-03 18:51:10,822] {spark_submit_hook.py:479} INFO - 22/02/03 18:51:10 INFO DAGScheduler: Parents of final stage: List()
[2022-02-03 18:51:10,823] {spark_submit_hook.py:479} INFO - 22/02/03 18:51:10 INFO DAGScheduler: Missing parents: List()
[2022-02-03 18:51:10,827] {spark_submit_hook.py:479} INFO - 22/02/03 18:51:10 INFO DAGScheduler: Submitting ResultStage 0 (MapPartitionsRDD[3] at json at NativeMethodAccessorImpl.java:0), which has no missing parents
[2022-02-03 18:51:10,911] {spark_submit_hook.py:479} INFO - 22/02/03 18:51:10 INFO MemoryStore: Block broadcast_1 stored as values in memory (estimated size 12.5 KiB, free 434.2 MiB)
[2022-02-03 18:51:10,917] {spark_submit_hook.py:479} INFO - 22/02/03 18:51:10 INFO MemoryStore: Block broadcast_1_piece0 stored as bytes in memory (estimated size 6.6 KiB, free 434.2 MiB)
[2022-02-03 18:51:10,918] {spark_submit_hook.py:479} INFO - 22/02/03 18:51:10 INFO BlockManagerInfo: Added broadcast_1_piece0 in memory on 192.168.15.153:64533 (size: 6.6 KiB, free: 434.4 MiB)
[2022-02-03 18:51:10,919] {spark_submit_hook.py:479} INFO - 22/02/03 18:51:10 INFO SparkContext: Created broadcast 1 from broadcast at DAGScheduler.scala:1478
[2022-02-03 18:51:10,931] {spark_submit_hook.py:479} INFO - 22/02/03 18:51:10 INFO DAGScheduler: Submitting 1 missing tasks from ResultStage 0 (MapPartitionsRDD[3] at json at NativeMethodAccessorImpl.java:0) (first 15 tasks are for partitions Vector(0))
[2022-02-03 18:51:10,932] {spark_submit_hook.py:479} INFO - 22/02/03 18:51:10 INFO TaskSchedulerImpl: Adding task set 0.0 with 1 tasks resource profile 0
[2022-02-03 18:51:10,976] {spark_submit_hook.py:479} INFO - 22/02/03 18:51:10 INFO TaskSetManager: Starting task 0.0 in stage 0.0 (TID 0) (192.168.15.153, executor driver, partition 0, PROCESS_LOCAL, 4975 bytes) taskResourceAssignments Map()
[2022-02-03 18:51:10,988] {spark_submit_hook.py:479} INFO - 22/02/03 18:51:10 INFO Executor: Running task 0.0 in stage 0.0 (TID 0)
[2022-02-03 18:51:11,095] {spark_submit_hook.py:479} INFO - 22/02/03 18:51:11 INFO FileScanRDD: Reading File path: file:///mnt/d/Alura/engenharia-dados-apache-airflow/datapipeline/datalake/bronze/twitter_aluraonline/extract_date=2022-01-29/AluraOnline_20220129.json, range: 0-16076, partition values: [empty row]
[2022-02-03 18:51:11,301] {spark_submit_hook.py:479} INFO - 22/02/03 18:51:11 INFO CodeGenerator: Code generated in 170.2679 ms
[2022-02-03 18:51:11,398] {spark_submit_hook.py:479} INFO - 22/02/03 18:51:11 INFO Executor: Finished task 0.0 in stage 0.0 (TID 0). 2858 bytes result sent to driver
[2022-02-03 18:51:11,409] {spark_submit_hook.py:479} INFO - 22/02/03 18:51:11 INFO TaskSetManager: Finished task 0.0 in stage 0.0 (TID 0) in 440 ms on 192.168.15.153 (executor driver) (1/1)
[2022-02-03 18:51:11,412] {spark_submit_hook.py:479} INFO - 22/02/03 18:51:11 INFO TaskSchedulerImpl: Removed TaskSet 0.0, whose tasks have all completed, from pool
[2022-02-03 18:51:11,418] {spark_submit_hook.py:479} INFO - 22/02/03 18:51:11 INFO DAGScheduler: ResultStage 0 (json at NativeMethodAccessorImpl.java:0) finished in 0.577 s
[2022-02-03 18:51:11,421] {spark_submit_hook.py:479} INFO - 22/02/03 18:51:11 INFO DAGScheduler: Job 0 is finished. Cancelling potential speculative or zombie tasks for this job
[2022-02-03 18:51:11,422] {spark_submit_hook.py:479} INFO - 22/02/03 18:51:11 INFO TaskSchedulerImpl: Killing all running tasks in stage 0: Stage finished
[2022-02-03 18:51:11,425] {spark_submit_hook.py:479} INFO - 22/02/03 18:51:11 INFO DAGScheduler: Job 0 finished: json at NativeMethodAccessorImpl.java:0, took 0.619030 s
[2022-02-03 18:51:11,828] {spark_submit_hook.py:479} INFO - 22/02/03 18:51:11 INFO FileSourceStrategy: Pushed Filters: IsNotNull(data)
[2022-02-03 18:51:11,830] {spark_submit_hook.py:479} INFO - 22/02/03 18:51:11 INFO FileSourceStrategy: Post-Scan Filters: (size(data#7, true) > 0),isnotnull(data#7)
[2022-02-03 18:51:11,830] {spark_submit_hook.py:479} INFO - 22/02/03 18:51:11 INFO FileSourceStrategy: Output Data Schema: struct<data: array<struct<author_id:string,conversation_id:string,created_at:string,id:string,in_reply_to_user_id:string,public_metrics:struct<like_count:bigint,quote_count:bigint,reply_count:bigint,retweet_count:bigint>,text:string>>>
[2022-02-03 18:51:11,917] {spark_submit_hook.py:479} INFO - 22/02/03 18:51:11 INFO FileOutputCommitter: File Output Committer Algorithm version is 1
[2022-02-03 18:51:11,917] {spark_submit_hook.py:479} INFO - 22/02/03 18:51:11 INFO FileOutputCommitter: FileOutputCommitter skip cleanup _temporary folders under output directory:false, ignore cleanup failures: false
[2022-02-03 18:51:11,918] {spark_submit_hook.py:479} INFO - 22/02/03 18:51:11 INFO SQLHadoopMapReduceCommitProtocol: Using output committer class org.apache.hadoop.mapreduce.lib.output.FileOutputCommitter
[2022-02-03 18:51:12,112] {spark_submit_hook.py:479} INFO - 22/02/03 18:51:12 INFO CodeGenerator: Code generated in 101.7228 ms
[2022-02-03 18:51:12,119] {spark_submit_hook.py:479} INFO - 22/02/03 18:51:12 INFO MemoryStore: Block broadcast_2 stored as values in memory (estimated size 189.8 KiB, free 434.0 MiB)
[2022-02-03 18:51:12,131] {spark_submit_hook.py:479} INFO - 22/02/03 18:51:12 INFO MemoryStore: Block broadcast_2_piece0 stored as bytes in memory (estimated size 32.8 KiB, free 433.9 MiB)
[2022-02-03 18:51:12,133] {spark_submit_hook.py:479} INFO - 22/02/03 18:51:12 INFO BlockManagerInfo: Added broadcast_2_piece0 in memory on 192.168.15.153:64533 (size: 32.8 KiB, free: 434.3 MiB)
[2022-02-03 18:51:12,135] {spark_submit_hook.py:479} INFO - 22/02/03 18:51:12 INFO SparkContext: Created broadcast 2 from json at NativeMethodAccessorImpl.java:0
[2022-02-03 18:51:12,138] {spark_submit_hook.py:479} INFO - 22/02/03 18:51:12 INFO FileSourceScanExec: Planning scan with bin packing, max size: 4210380 bytes, open cost is considered as scanning 4194304 bytes.
[2022-02-03 18:51:12,211] {spark_submit_hook.py:479} INFO - 22/02/03 18:51:12 INFO SparkContext: Starting job: json at NativeMethodAccessorImpl.java:0
[2022-02-03 18:51:12,213] {spark_submit_hook.py:479} INFO - 22/02/03 18:51:12 INFO DAGScheduler: Got job 1 (json at NativeMethodAccessorImpl.java:0) with 1 output partitions
[2022-02-03 18:51:12,213] {spark_submit_hook.py:479} INFO - 22/02/03 18:51:12 INFO DAGScheduler: Final stage: ResultStage 1 (json at NativeMethodAccessorImpl.java:0)
[2022-02-03 18:51:12,214] {spark_submit_hook.py:479} INFO - 22/02/03 18:51:12 INFO DAGScheduler: Parents of final stage: List()
[2022-02-03 18:51:12,214] {spark_submit_hook.py:479} INFO - 22/02/03 18:51:12 INFO DAGScheduler: Missing parents: List()
[2022-02-03 18:51:12,215] {spark_submit_hook.py:479} INFO - 22/02/03 18:51:12 INFO DAGScheduler: Submitting ResultStage 1 (CoalescedRDD[7] at json at NativeMethodAccessorImpl.java:0), which has no missing parents
[2022-02-03 18:51:12,250] {spark_submit_hook.py:479} INFO - 22/02/03 18:51:12 INFO MemoryStore: Block broadcast_3 stored as values in memory (estimated size 223.7 KiB, free 433.7 MiB)
[2022-02-03 18:51:12,254] {spark_submit_hook.py:479} INFO - 22/02/03 18:51:12 INFO MemoryStore: Block broadcast_3_piece0 stored as bytes in memory (estimated size 77.5 KiB, free 433.7 MiB)
[2022-02-03 18:51:12,255] {spark_submit_hook.py:479} INFO - 22/02/03 18:51:12 INFO BlockManagerInfo: Added broadcast_3_piece0 in memory on 192.168.15.153:64533 (size: 77.5 KiB, free: 434.3 MiB)
[2022-02-03 18:51:12,256] {spark_submit_hook.py:479} INFO - 22/02/03 18:51:12 INFO SparkContext: Created broadcast 3 from broadcast at DAGScheduler.scala:1478
[2022-02-03 18:51:12,257] {spark_submit_hook.py:479} INFO - 22/02/03 18:51:12 INFO DAGScheduler: Submitting 1 missing tasks from ResultStage 1 (CoalescedRDD[7] at json at NativeMethodAccessorImpl.java:0) (first 15 tasks are for partitions Vector(0))
[2022-02-03 18:51:12,257] {spark_submit_hook.py:479} INFO - 22/02/03 18:51:12 INFO TaskSchedulerImpl: Adding task set 1.0 with 1 tasks resource profile 0
[2022-02-03 18:51:12,261] {spark_submit_hook.py:479} INFO - 22/02/03 18:51:12 INFO TaskSetManager: Starting task 0.0 in stage 1.0 (TID 1) (192.168.15.153, executor driver, partition 0, PROCESS_LOCAL, 5204 bytes) taskResourceAssignments Map()
[2022-02-03 18:51:12,262] {spark_submit_hook.py:479} INFO - 22/02/03 18:51:12 INFO Executor: Running task 0.0 in stage 1.0 (TID 1)
[2022-02-03 18:51:12,347] {spark_submit_hook.py:479} INFO - 22/02/03 18:51:12 INFO FileOutputCommitter: File Output Committer Algorithm version is 1
[2022-02-03 18:51:12,347] {spark_submit_hook.py:479} INFO - 22/02/03 18:51:12 INFO FileOutputCommitter: FileOutputCommitter skip cleanup _temporary folders under output directory:false, ignore cleanup failures: false
[2022-02-03 18:51:12,349] {spark_submit_hook.py:479} INFO - 22/02/03 18:51:12 INFO SQLHadoopMapReduceCommitProtocol: Using output committer class org.apache.hadoop.mapreduce.lib.output.FileOutputCommitter
[2022-02-03 18:51:12,433] {spark_submit_hook.py:479} INFO - 22/02/03 18:51:12 INFO FileScanRDD: Reading File path: file:///mnt/d/Alura/engenharia-dados-apache-airflow/datapipeline/datalake/bronze/twitter_aluraonline/extract_date=2022-01-29/AluraOnline_20220129.json, range: 0-16076, partition values: [empty row]
[2022-02-03 18:51:12,471] {spark_submit_hook.py:479} INFO - 22/02/03 18:51:12 INFO CodeGenerator: Code generated in 32.4416 ms
[2022-02-03 18:51:12,505] {spark_submit_hook.py:479} INFO - 22/02/03 18:51:12 INFO CodeGenerator: Code generated in 8.8983 ms
[2022-02-03 18:51:12,594] {spark_submit_hook.py:479} INFO - 22/02/03 18:51:12 INFO FileOutputCommitter: Saved output of task 'attempt_202202031851122919397008005050824_0001_m_000000_1' to file:/mnt/d/Alura/engenharia-dados-apache-airflow/datapipeline/datalake/silver/twitter_aluraonline/tweet/process_date=2022-01-29/_temporary/0/task_202202031851122919397008005050824_0001_m_000000
[2022-02-03 18:51:12,596] {spark_submit_hook.py:479} INFO - 22/02/03 18:51:12 INFO SparkHadoopMapRedUtil: attempt_202202031851122919397008005050824_0001_m_000000_1: Committed
[2022-02-03 18:51:12,607] {spark_submit_hook.py:479} INFO - 22/02/03 18:51:12 INFO Executor: Finished task 0.0 in stage 1.0 (TID 1). 2670 bytes result sent to driver
[2022-02-03 18:51:12,612] {spark_submit_hook.py:479} INFO - 22/02/03 18:51:12 INFO TaskSetManager: Finished task 0.0 in stage 1.0 (TID 1) in 354 ms on 192.168.15.153 (executor driver) (1/1)
[2022-02-03 18:51:12,613] {spark_submit_hook.py:479} INFO - 22/02/03 18:51:12 INFO TaskSchedulerImpl: Removed TaskSet 1.0, whose tasks have all completed, from pool
[2022-02-03 18:51:12,616] {spark_submit_hook.py:479} INFO - 22/02/03 18:51:12 INFO DAGScheduler: ResultStage 1 (json at NativeMethodAccessorImpl.java:0) finished in 0.398 s
[2022-02-03 18:51:12,616] {spark_submit_hook.py:479} INFO - 22/02/03 18:51:12 INFO DAGScheduler: Job 1 is finished. Cancelling potential speculative or zombie tasks for this job
[2022-02-03 18:51:12,616] {spark_submit_hook.py:479} INFO - 22/02/03 18:51:12 INFO TaskSchedulerImpl: Killing all running tasks in stage 1: Stage finished
[2022-02-03 18:51:12,620] {spark_submit_hook.py:479} INFO - 22/02/03 18:51:12 INFO DAGScheduler: Job 1 finished: json at NativeMethodAccessorImpl.java:0, took 0.405382 s
[2022-02-03 18:51:12,620] {spark_submit_hook.py:479} INFO - 22/02/03 18:51:12 INFO FileFormatWriter: Start to commit write Job b56c3ce7-74c7-4734-a5d2-f9306e36c5de.
[2022-02-03 18:51:12,682] {spark_submit_hook.py:479} INFO - 22/02/03 18:51:12 INFO FileFormatWriter: Write Job b56c3ce7-74c7-4734-a5d2-f9306e36c5de committed. Elapsed time: 60 ms.
[2022-02-03 18:51:12,690] {spark_submit_hook.py:479} INFO - 22/02/03 18:51:12 INFO FileFormatWriter: Finished processing stats for write job b56c3ce7-74c7-4734-a5d2-f9306e36c5de.
[2022-02-03 18:51:12,762] {spark_submit_hook.py:479} INFO - 22/02/03 18:51:12 INFO FileSourceStrategy: Pushed Filters:
[2022-02-03 18:51:12,762] {spark_submit_hook.py:479} INFO - 22/02/03 18:51:12 INFO FileSourceStrategy: Post-Scan Filters:
[2022-02-03 18:51:12,762] {spark_submit_hook.py:479} INFO - 22/02/03 18:51:12 INFO FileSourceStrategy: Output Data Schema: struct<includes: struct<users: array<struct<created_at:string,id:string,name:string,username:string>>>>
[2022-02-03 18:51:12,779] {spark_submit_hook.py:479} INFO - 22/02/03 18:51:12 INFO FileOutputCommitter: File Output Committer Algorithm version is 1
[2022-02-03 18:51:12,780] {spark_submit_hook.py:479} INFO - 22/02/03 18:51:12 INFO FileOutputCommitter: FileOutputCommitter skip cleanup _temporary folders under output directory:false, ignore cleanup failures: false
[2022-02-03 18:51:12,781] {spark_submit_hook.py:479} INFO - 22/02/03 18:51:12 INFO SQLHadoopMapReduceCommitProtocol: Using output committer class org.apache.hadoop.mapreduce.lib.output.FileOutputCommitter
[2022-02-03 18:51:12,855] {spark_submit_hook.py:479} INFO - 22/02/03 18:51:12 INFO CodeGenerator: Code generated in 21.314 ms
[2022-02-03 18:51:12,864] {spark_submit_hook.py:479} INFO - 22/02/03 18:51:12 INFO MemoryStore: Block broadcast_4 stored as values in memory (estimated size 189.8 KiB, free 433.5 MiB)
[2022-02-03 18:51:12,890] {spark_submit_hook.py:479} INFO - 22/02/03 18:51:12 INFO MemoryStore: Block broadcast_4_piece0 stored as bytes in memory (estimated size 32.8 KiB, free 433.4 MiB)
[2022-02-03 18:51:12,892] {spark_submit_hook.py:479} INFO - 22/02/03 18:51:12 INFO BlockManagerInfo: Added broadcast_4_piece0 in memory on 192.168.15.153:64533 (size: 32.8 KiB, free: 434.2 MiB)
[2022-02-03 18:51:12,894] {spark_submit_hook.py:479} INFO - 22/02/03 18:51:12 INFO SparkContext: Created broadcast 4 from json at NativeMethodAccessorImpl.java:0
[2022-02-03 18:51:12,895] {spark_submit_hook.py:479} INFO - 22/02/03 18:51:12 INFO FileSourceScanExec: Planning scan with bin packing, max size: 4210380 bytes, open cost is considered as scanning 4194304 bytes.
[2022-02-03 18:51:12,924] {spark_submit_hook.py:479} INFO - 22/02/03 18:51:12 INFO SparkContext: Starting job: json at NativeMethodAccessorImpl.java:0
[2022-02-03 18:51:12,925] {spark_submit_hook.py:479} INFO - 22/02/03 18:51:12 INFO DAGScheduler: Got job 2 (json at NativeMethodAccessorImpl.java:0) with 1 output partitions
[2022-02-03 18:51:12,925] {spark_submit_hook.py:479} INFO - 22/02/03 18:51:12 INFO DAGScheduler: Final stage: ResultStage 2 (json at NativeMethodAccessorImpl.java:0)
[2022-02-03 18:51:12,925] {spark_submit_hook.py:479} INFO - 22/02/03 18:51:12 INFO DAGScheduler: Parents of final stage: List()
[2022-02-03 18:51:12,925] {spark_submit_hook.py:479} INFO - 22/02/03 18:51:12 INFO DAGScheduler: Missing parents: List()
[2022-02-03 18:51:12,927] {spark_submit_hook.py:479} INFO - 22/02/03 18:51:12 INFO DAGScheduler: Submitting ResultStage 2 (CoalescedRDD[11] at json at NativeMethodAccessorImpl.java:0), which has no missing parents
[2022-02-03 18:51:12,953] {spark_submit_hook.py:479} INFO - 22/02/03 18:51:12 INFO MemoryStore: Block broadcast_5 stored as values in memory (estimated size 209.1 KiB, free 433.2 MiB)
[2022-02-03 18:51:12,961] {spark_submit_hook.py:479} INFO - 22/02/03 18:51:12 INFO MemoryStore: Block broadcast_5_piece0 stored as bytes in memory (estimated size 75.2 KiB, free 433.2 MiB)
[2022-02-03 18:51:12,963] {spark_submit_hook.py:479} INFO - 22/02/03 18:51:12 INFO BlockManagerInfo: Added broadcast_5_piece0 in memory on 192.168.15.153:64533 (size: 75.2 KiB, free: 434.1 MiB)
[2022-02-03 18:51:12,964] {spark_submit_hook.py:479} INFO - 22/02/03 18:51:12 INFO SparkContext: Created broadcast 5 from broadcast at DAGScheduler.scala:1478
[2022-02-03 18:51:12,965] {spark_submit_hook.py:479} INFO - 22/02/03 18:51:12 INFO DAGScheduler: Submitting 1 missing tasks from ResultStage 2 (CoalescedRDD[11] at json at NativeMethodAccessorImpl.java:0) (first 15 tasks are for partitions Vector(0))
[2022-02-03 18:51:12,965] {spark_submit_hook.py:479} INFO - 22/02/03 18:51:12 INFO TaskSchedulerImpl: Adding task set 2.0 with 1 tasks resource profile 0
[2022-02-03 18:51:12,966] {spark_submit_hook.py:479} INFO - 22/02/03 18:51:12 INFO TaskSetManager: Starting task 0.0 in stage 2.0 (TID 2) (192.168.15.153, executor driver, partition 0, PROCESS_LOCAL, 5204 bytes) taskResourceAssignments Map()
[2022-02-03 18:51:12,968] {spark_submit_hook.py:479} INFO - 22/02/03 18:51:12 INFO Executor: Running task 0.0 in stage 2.0 (TID 2)
[2022-02-03 18:51:12,998] {spark_submit_hook.py:479} INFO - 22/02/03 18:51:12 INFO FileOutputCommitter: File Output Committer Algorithm version is 1
[2022-02-03 18:51:12,998] {spark_submit_hook.py:479} INFO - 22/02/03 18:51:12 INFO FileOutputCommitter: FileOutputCommitter skip cleanup _temporary folders under output directory:false, ignore cleanup failures: false
[2022-02-03 18:51:12,999] {spark_submit_hook.py:479} INFO - 22/02/03 18:51:12 INFO SQLHadoopMapReduceCommitProtocol: Using output committer class org.apache.hadoop.mapreduce.lib.output.FileOutputCommitter
[2022-02-03 18:51:13,062] {spark_submit_hook.py:479} INFO - 22/02/03 18:51:13 INFO FileScanRDD: Reading File path: file:///mnt/d/Alura/engenharia-dados-apache-airflow/datapipeline/datalake/bronze/twitter_aluraonline/extract_date=2022-01-29/AluraOnline_20220129.json, range: 0-16076, partition values: [empty row]
[2022-02-03 18:51:13,085] {spark_submit_hook.py:479} INFO - 22/02/03 18:51:13 INFO CodeGenerator: Code generated in 20.0321 ms
[2022-02-03 18:51:13,123] {spark_submit_hook.py:479} INFO - 22/02/03 18:51:13 INFO FileOutputCommitter: Saved output of task 'attempt_202202031851122098185578334521413_0002_m_000000_2' to file:/mnt/d/Alura/engenharia-dados-apache-airflow/datapipeline/datalake/silver/twitter_aluraonline/user/process_date=2022-01-29/_temporary/0/task_202202031851122098185578334521413_0002_m_000000
[2022-02-03 18:51:13,123] {spark_submit_hook.py:479} INFO - 22/02/03 18:51:13 INFO SparkHadoopMapRedUtil: attempt_202202031851122098185578334521413_0002_m_000000_2: Committed
[2022-02-03 18:51:13,125] {spark_submit_hook.py:479} INFO - 22/02/03 18:51:13 INFO Executor: Finished task 0.0 in stage 2.0 (TID 2). 2571 bytes result sent to driver
[2022-02-03 18:51:13,129] {spark_submit_hook.py:479} INFO - 22/02/03 18:51:13 INFO TaskSetManager: Finished task 0.0 in stage 2.0 (TID 2) in 163 ms on 192.168.15.153 (executor driver) (1/1)
[2022-02-03 18:51:13,129] {spark_submit_hook.py:479} INFO - 22/02/03 18:51:13 INFO TaskSchedulerImpl: Removed TaskSet 2.0, whose tasks have all completed, from pool
[2022-02-03 18:51:13,131] {spark_submit_hook.py:479} INFO - 22/02/03 18:51:13 INFO DAGScheduler: ResultStage 2 (json at NativeMethodAccessorImpl.java:0) finished in 0.202 s
[2022-02-03 18:51:13,131] {spark_submit_hook.py:479} INFO - 22/02/03 18:51:13 INFO DAGScheduler: Job 2 is finished. Cancelling potential speculative or zombie tasks for this job
[2022-02-03 18:51:13,131] {spark_submit_hook.py:479} INFO - 22/02/03 18:51:13 INFO TaskSchedulerImpl: Killing all running tasks in stage 2: Stage finished
[2022-02-03 18:51:13,132] {spark_submit_hook.py:479} INFO - 22/02/03 18:51:13 INFO DAGScheduler: Job 2 finished: json at NativeMethodAccessorImpl.java:0, took 0.207460 s
[2022-02-03 18:51:13,133] {spark_submit_hook.py:479} INFO - 22/02/03 18:51:13 INFO FileFormatWriter: Start to commit write Job 96ad36be-704c-430b-a000-d166cfe3abb0.
[2022-02-03 18:51:13,187] {spark_submit_hook.py:479} INFO - 22/02/03 18:51:13 INFO FileFormatWriter: Write Job 96ad36be-704c-430b-a000-d166cfe3abb0 committed. Elapsed time: 54 ms.
[2022-02-03 18:51:13,189] {spark_submit_hook.py:479} INFO - 22/02/03 18:51:13 INFO FileFormatWriter: Finished processing stats for write job 96ad36be-704c-430b-a000-d166cfe3abb0.
[2022-02-03 18:51:13,263] {spark_submit_hook.py:479} INFO - 22/02/03 18:51:13 INFO SparkContext: Invoking stop() from shutdown hook
[2022-02-03 18:51:13,274] {spark_submit_hook.py:479} INFO - 22/02/03 18:51:13 INFO SparkUI: Stopped Spark web UI at http://192.168.15.153:4040
[2022-02-03 18:51:13,288] {spark_submit_hook.py:479} INFO - 22/02/03 18:51:13 INFO MapOutputTrackerMasterEndpoint: MapOutputTrackerMasterEndpoint stopped!
[2022-02-03 18:51:13,310] {spark_submit_hook.py:479} INFO - 22/02/03 18:51:13 INFO MemoryStore: MemoryStore cleared
[2022-02-03 18:51:13,311] {spark_submit_hook.py:479} INFO - 22/02/03 18:51:13 INFO BlockManager: BlockManager stopped
[2022-02-03 18:51:13,320] {spark_submit_hook.py:479} INFO - 22/02/03 18:51:13 INFO BlockManagerMaster: BlockManagerMaster stopped
[2022-02-03 18:51:13,323] {spark_submit_hook.py:479} INFO - 22/02/03 18:51:13 INFO OutputCommitCoordinator$OutputCommitCoordinatorEndpoint: OutputCommitCoordinator stopped!
[2022-02-03 18:51:13,337] {spark_submit_hook.py:479} INFO - 22/02/03 18:51:13 INFO SparkContext: Successfully stopped SparkContext
[2022-02-03 18:51:13,337] {spark_submit_hook.py:479} INFO - 22/02/03 18:51:13 INFO ShutdownHookManager: Shutdown hook called
[2022-02-03 18:51:13,337] {spark_submit_hook.py:479} INFO - 22/02/03 18:51:13 INFO ShutdownHookManager: Deleting directory /tmp/spark-72bde981-4326-4295-9978-d03c1ce21386
[2022-02-03 18:51:13,348] {spark_submit_hook.py:479} INFO - 22/02/03 18:51:13 INFO ShutdownHookManager: Deleting directory /tmp/spark-8d7c3c92-3680-4666-97b7-d82cf2a4e233
[2022-02-03 18:51:13,358] {spark_submit_hook.py:479} INFO - 22/02/03 18:51:13 INFO ShutdownHookManager: Deleting directory /tmp/spark-72bde981-4326-4295-9978-d03c1ce21386/pyspark-9278f574-7ddd-4c4b-89c3-7efbf4e45600
[2022-02-03 18:51:13,433] {taskinstance.py:1070} INFO - Marking task as SUCCESS.dag_id=twitter_dag, task_id=transform_twitter_aluraonline, execution_date=20220129T090000, start_date=20220203T215101, end_date=20220203T215113
[2022-02-03 18:51:16,653] {local_task_job.py:102} INFO - Task exited with return code 0
