[2022-02-03 18:46:48,699] {taskinstance.py:670} INFO - Dependencies all met for <TaskInstance: twitter_dag.twitter_aluraonline 2022-01-28T09:00:00+00:00 [queued]>
[2022-02-03 18:46:48,707] {taskinstance.py:670} INFO - Dependencies all met for <TaskInstance: twitter_dag.twitter_aluraonline 2022-01-28T09:00:00+00:00 [queued]>
[2022-02-03 18:46:48,707] {taskinstance.py:880} INFO - 
--------------------------------------------------------------------------------
[2022-02-03 18:46:48,707] {taskinstance.py:881} INFO - Starting attempt 1 of 1
[2022-02-03 18:46:48,707] {taskinstance.py:882} INFO - 
--------------------------------------------------------------------------------
[2022-02-03 18:46:48,716] {taskinstance.py:901} INFO - Executing <Task(TwitterOperator): twitter_aluraonline> on 2022-01-28T09:00:00+00:00
[2022-02-03 18:46:48,731] {standard_task_runner.py:54} INFO - Started process 9142 to run task
[2022-02-03 18:46:48,807] {standard_task_runner.py:77} INFO - Running: ['airflow', 'run', 'twitter_dag', 'twitter_aluraonline', '2022-01-28T09:00:00+00:00', '--job_id', '7', '--pool', 'default_pool', '--raw', '-sd', 'DAGS_FOLDER/twitter_dag.py', '--cfg_path', '/tmp/tmp3stwhw8h']
[2022-02-03 18:46:48,808] {standard_task_runner.py:78} INFO - Job 7: Subtask twitter_aluraonline
[2022-02-03 18:46:48,853] {logging_mixin.py:112} INFO - Running <TaskInstance: twitter_dag.twitter_aluraonline 2022-01-28T09:00:00+00:00 [running]> on host SPVALN1-612R9D4.pitagoras.apollo.br
[2022-02-03 18:46:48,916] {base_hook.py:89} INFO - Using connection to: id: twitter_default. Host: https://api.twitter.com, Port: None, Schema: None, Login: None, Password: None, extra: XXXXXXXX
[2022-02-03 18:46:48,918] {twitter_hook.py:36} INFO - URL: https://api.twitter.com/2/tweets/search/recent?query=AluraOnline&tweet.fields=author_id,conversation_id,created_at,id,in_reply_to_user_id,public_metrics,text&expansions=author_id&user.fields=id,name,username,created_at&start_time=2022-01-28T09:00:00.00Z&end_time=2022-01-29T09:00:00.00Z
[2022-02-03 18:46:53,031] {logging_mixin.py:112} WARNING - /mnt/d/Alura/engenharia-dados-apache-airflow/datapipeline/.env/lib/python3.7/site-packages/urllib3/connectionpool.py:988: InsecureRequestWarning: Unverified HTTPS request is being made to host 'api.twitter.com'. Adding certificate verification is strongly advised. See: https://urllib3.readthedocs.io/en/latest/advanced-usage.html#ssl-warnings
  InsecureRequestWarning,
[2022-02-03 18:46:53,323] {twitter_hook.py:36} INFO - URL: https://api.twitter.com/2/tweets/search/recent?query=AluraOnline&tweet.fields=author_id,conversation_id,created_at,id,in_reply_to_user_id,public_metrics,text&expansions=author_id&user.fields=id,name,username,created_at&start_time=2022-01-28T09:00:00.00Z&end_time=2022-01-29T09:00:00.00Z&next_token=b26v89c19zqg8o3fpe4823gd5s1g800fyl7iuq39l7se5
[2022-02-03 18:46:53,324] {logging_mixin.py:112} WARNING - /mnt/d/Alura/engenharia-dados-apache-airflow/datapipeline/.env/lib/python3.7/site-packages/urllib3/connectionpool.py:988: InsecureRequestWarning: Unverified HTTPS request is being made to host 'api.twitter.com'. Adding certificate verification is strongly advised. See: https://urllib3.readthedocs.io/en/latest/advanced-usage.html#ssl-warnings
  InsecureRequestWarning,
[2022-02-03 18:46:53,596] {twitter_hook.py:36} INFO - URL: https://api.twitter.com/2/tweets/search/recent?query=AluraOnline&tweet.fields=author_id,conversation_id,created_at,id,in_reply_to_user_id,public_metrics,text&expansions=author_id&user.fields=id,name,username,created_at&start_time=2022-01-28T09:00:00.00Z&end_time=2022-01-29T09:00:00.00Z&next_token=b26v89c19zqg8o3fpe4823fgjdjhb47wbc98pvxjlcnel
[2022-02-03 18:46:53,597] {logging_mixin.py:112} WARNING - /mnt/d/Alura/engenharia-dados-apache-airflow/datapipeline/.env/lib/python3.7/site-packages/urllib3/connectionpool.py:988: InsecureRequestWarning: Unverified HTTPS request is being made to host 'api.twitter.com'. Adding certificate verification is strongly advised. See: https://urllib3.readthedocs.io/en/latest/advanced-usage.html#ssl-warnings
  InsecureRequestWarning,
[2022-02-03 18:46:53,881] {twitter_hook.py:36} INFO - URL: https://api.twitter.com/2/tweets/search/recent?query=AluraOnline&tweet.fields=author_id,conversation_id,created_at,id,in_reply_to_user_id,public_metrics,text&expansions=author_id&user.fields=id,name,username,created_at&start_time=2022-01-28T09:00:00.00Z&end_time=2022-01-29T09:00:00.00Z&next_token=b26v89c19zqg8o3fpe4823evaou96m3ej1w0okiz99u9p
[2022-02-03 18:46:53,881] {logging_mixin.py:112} WARNING - /mnt/d/Alura/engenharia-dados-apache-airflow/datapipeline/.env/lib/python3.7/site-packages/urllib3/connectionpool.py:988: InsecureRequestWarning: Unverified HTTPS request is being made to host 'api.twitter.com'. Adding certificate verification is strongly advised. See: https://urllib3.readthedocs.io/en/latest/advanced-usage.html#ssl-warnings
  InsecureRequestWarning,
[2022-02-03 18:46:54,165] {twitter_hook.py:36} INFO - URL: https://api.twitter.com/2/tweets/search/recent?query=AluraOnline&tweet.fields=author_id,conversation_id,created_at,id,in_reply_to_user_id,public_metrics,text&expansions=author_id&user.fields=id,name,username,created_at&start_time=2022-01-28T09:00:00.00Z&end_time=2022-01-29T09:00:00.00Z&next_token=b26v89c19zqg8o3fpe4823e9l8ihmly4qp9df1lkv62yl
[2022-02-03 18:46:54,166] {logging_mixin.py:112} WARNING - /mnt/d/Alura/engenharia-dados-apache-airflow/datapipeline/.env/lib/python3.7/site-packages/urllib3/connectionpool.py:988: InsecureRequestWarning: Unverified HTTPS request is being made to host 'api.twitter.com'. Adding certificate verification is strongly advised. See: https://urllib3.readthedocs.io/en/latest/advanced-usage.html#ssl-warnings
  InsecureRequestWarning,
[2022-02-03 18:46:54,432] {twitter_hook.py:36} INFO - URL: https://api.twitter.com/2/tweets/search/recent?query=AluraOnline&tweet.fields=author_id,conversation_id,created_at,id,in_reply_to_user_id,public_metrics,text&expansions=author_id&user.fields=id,name,username,created_at&start_time=2022-01-28T09:00:00.00Z&end_time=2022-01-29T09:00:00.00Z&next_token=b26v89c19zqg8o3fpe4821c8f7x0jyxcar61mvfdxwxh9
[2022-02-03 18:46:54,432] {logging_mixin.py:112} WARNING - /mnt/d/Alura/engenharia-dados-apache-airflow/datapipeline/.env/lib/python3.7/site-packages/urllib3/connectionpool.py:988: InsecureRequestWarning: Unverified HTTPS request is being made to host 'api.twitter.com'. Adding certificate verification is strongly advised. See: https://urllib3.readthedocs.io/en/latest/advanced-usage.html#ssl-warnings
  InsecureRequestWarning,
[2022-02-03 18:46:54,723] {twitter_hook.py:36} INFO - URL: https://api.twitter.com/2/tweets/search/recent?query=AluraOnline&tweet.fields=author_id,conversation_id,created_at,id,in_reply_to_user_id,public_metrics,text&expansions=author_id&user.fields=id,name,username,created_at&start_time=2022-01-28T09:00:00.00Z&end_time=2022-01-29T09:00:00.00Z&next_token=b26v89c19zqg8o3fpe4821bc0fdk62ebwugku4v38ehkt
[2022-02-03 18:46:54,723] {logging_mixin.py:112} WARNING - /mnt/d/Alura/engenharia-dados-apache-airflow/datapipeline/.env/lib/python3.7/site-packages/urllib3/connectionpool.py:988: InsecureRequestWarning: Unverified HTTPS request is being made to host 'api.twitter.com'. Adding certificate verification is strongly advised. See: https://urllib3.readthedocs.io/en/latest/advanced-usage.html#ssl-warnings
  InsecureRequestWarning,
[2022-02-03 18:46:55,002] {twitter_hook.py:36} INFO - URL: https://api.twitter.com/2/tweets/search/recent?query=AluraOnline&tweet.fields=author_id,conversation_id,created_at,id,in_reply_to_user_id,public_metrics,text&expansions=author_id&user.fields=id,name,username,created_at&start_time=2022-01-28T09:00:00.00Z&end_time=2022-01-29T09:00:00.00Z&next_token=b26v89c19zqg8o3fpe4821aqh2edmiyfnrr7sqx22to59
[2022-02-03 18:46:55,003] {logging_mixin.py:112} WARNING - /mnt/d/Alura/engenharia-dados-apache-airflow/datapipeline/.env/lib/python3.7/site-packages/urllib3/connectionpool.py:988: InsecureRequestWarning: Unverified HTTPS request is being made to host 'api.twitter.com'. Adding certificate verification is strongly advised. See: https://urllib3.readthedocs.io/en/latest/advanced-usage.html#ssl-warnings
  InsecureRequestWarning,
[2022-02-03 18:46:55,290] {twitter_hook.py:36} INFO - URL: https://api.twitter.com/2/tweets/search/recent?query=AluraOnline&tweet.fields=author_id,conversation_id,created_at,id,in_reply_to_user_id,public_metrics,text&expansions=author_id&user.fields=id,name,username,created_at&start_time=2022-01-28T09:00:00.00Z&end_time=2022-01-29T09:00:00.00Z&next_token=b26v89c19zqg8o3fpe4821afn59aczu7x7u1rhvrdvnnh
[2022-02-03 18:46:55,291] {logging_mixin.py:112} WARNING - /mnt/d/Alura/engenharia-dados-apache-airflow/datapipeline/.env/lib/python3.7/site-packages/urllib3/connectionpool.py:988: InsecureRequestWarning: Unverified HTTPS request is being made to host 'api.twitter.com'. Adding certificate verification is strongly advised. See: https://urllib3.readthedocs.io/en/latest/advanced-usage.html#ssl-warnings
  InsecureRequestWarning,
[2022-02-03 18:46:55,572] {taskinstance.py:1070} INFO - Marking task as SUCCESS.dag_id=twitter_dag, task_id=twitter_aluraonline, execution_date=20220128T090000, start_date=20220203T214648, end_date=20220203T214655
[2022-02-03 18:46:58,682] {local_task_job.py:102} INFO - Task exited with return code 0
